Using pre-set license
Built from '2022.3/staging' branch; Version is '2022.3.7f1 (b16b3b16c7a0) revision 11627323'; Using compiler version '192829333'; Build Type 'Release'
OS: 'Windows 10  (10.0.19045) 64bit Education' Language: 'en' Physical Memory: 16111 MB
BatchMode: 1, IsHumanControllingUs: 0, StartBugReporterOnCrash: 0, Is64bit: 1, IsPro: 1

COMMAND LINE ARGUMENTS:
C:\Program Files\Unity\Hub\Editor\2022.3.7f1\Editor\Unity.exe
-adb2
-batchMode
-noUpm
-name
AssetImportWorker9
-projectPath
C:/Users/unatema05/Documents/GitHub/MAGD-372/Level Design
-logFile
Logs/AssetImportWorker9.log
-srvPort
53213
Successfully changed project path to: C:/Users/unatema05/Documents/GitHub/MAGD-372/Level Design
C:/Users/unatema05/Documents/GitHub/MAGD-372/Level Design
[UnityMemory] Configuration Parameters - Can be set up in boot.config
    "memorysetup-bucket-allocator-granularity=16"
    "memorysetup-bucket-allocator-bucket-count=8"
    "memorysetup-bucket-allocator-block-size=33554432"
    "memorysetup-bucket-allocator-block-count=8"
    "memorysetup-main-allocator-block-size=16777216"
    "memorysetup-thread-allocator-block-size=16777216"
    "memorysetup-gfx-main-allocator-block-size=16777216"
    "memorysetup-gfx-thread-allocator-block-size=16777216"
    "memorysetup-cache-allocator-block-size=4194304"
    "memorysetup-typetree-allocator-block-size=2097152"
    "memorysetup-profiler-bucket-allocator-granularity=16"
    "memorysetup-profiler-bucket-allocator-bucket-count=8"
    "memorysetup-profiler-bucket-allocator-block-size=33554432"
    "memorysetup-profiler-bucket-allocator-block-count=8"
    "memorysetup-profiler-allocator-block-size=16777216"
    "memorysetup-profiler-editor-allocator-block-size=1048576"
    "memorysetup-temp-allocator-size-main=16777216"
    "memorysetup-job-temp-allocator-block-size=2097152"
    "memorysetup-job-temp-allocator-block-size-background=1048576"
    "memorysetup-job-temp-allocator-reduction-small-platforms=262144"
    "memorysetup-allocator-temp-initial-block-size-main=262144"
    "memorysetup-allocator-temp-initial-block-size-worker=262144"
    "memorysetup-temp-allocator-size-background-worker=32768"
    "memorysetup-temp-allocator-size-job-worker=262144"
    "memorysetup-temp-allocator-size-preload-manager=33554432"
    "memorysetup-temp-allocator-size-nav-mesh-worker=65536"
    "memorysetup-temp-allocator-size-audio-worker=65536"
    "memorysetup-temp-allocator-size-cloud-worker=32768"
    "memorysetup-temp-allocator-size-gi-baking-worker=262144"
    "memorysetup-temp-allocator-size-gfx=262144"
Player connection [5776] Host "[IP] 140.146.143.179 [Port] 0 [Flags] 2 [Guid] 557810392 [EditorId] 557810392 [Version] 1048832 [Id] WindowsEditor(7,AN1230-17-LP) [Debug] 1 [PackageName] WindowsEditor [ProjectName] Editor" joined multi-casting on [225.0.0.222:54997]...

Player connection [5776] Host "[IP] 140.146.143.179 [Port] 0 [Flags] 2 [Guid] 557810392 [EditorId] 557810392 [Version] 1048832 [Id] WindowsEditor(7,AN1230-17-LP) [Debug] 1 [PackageName] WindowsEditor [ProjectName] Editor" joined alternative multi-casting on [225.0.0.222:34997]...

Refreshing native plugins compatible for Editor in 13.90 ms, found 3 plugins.
Preloading 0 native plugins for Editor in 0.00 ms.
Initialize engine version: 2022.3.7f1 (b16b3b16c7a0)
[Subsystems] Discovering subsystems at path C:/Program Files/Unity/Hub/Editor/2022.3.7f1/Editor/Data/Resources/UnitySubsystems
[Subsystems] Discovering subsystems at path C:/Users/unatema05/Documents/GitHub/MAGD-372/Level Design/Assets
GfxDevice: creating device client; threaded=0; jobified=0
Direct3D:
    Version:  Direct3D 11.0 [level 11.1]
    Renderer: NVIDIA Quadro RTX 4000 (ID=0x1eb1)
    Vendor:   NVIDIA
    VRAM:     8019 MB
    Driver:   31.0.15.1625
Initialize mono
Mono path[0] = 'C:/Program Files/Unity/Hub/Editor/2022.3.7f1/Editor/Data/Managed'
Mono path[1] = 'C:/Program Files/Unity/Hub/Editor/2022.3.7f1/Editor/Data/MonoBleedingEdge/lib/mono/unityjit-win32'
Mono config path = 'C:/Program Files/Unity/Hub/Editor/2022.3.7f1/Editor/Data/MonoBleedingEdge/etc'
Using monoOptions --debugger-agent=transport=dt_socket,embedding=1,server=y,suspend=n,address=127.0.0.1:56952
Begin MonoManager ReloadAssembly
Registering precompiled unity dll's ...
Register platform support module: C:/Program Files/Unity/Hub/Editor/2022.3.7f1/Editor/Data/PlaybackEngines/WebGLSupport/UnityEditor.WebGL.Extensions.dll
Register platform support module: C:/Program Files/Unity/Hub/Editor/2022.3.7f1/Editor/Data/PlaybackEngines/MacStandaloneSupport/UnityEditor.OSXStandalone.Extensions.dll
Register platform support module: C:/Program Files/Unity/Hub/Editor/2022.3.7f1/Editor/Data/PlaybackEngines/AndroidPlayer/UnityEditor.Android.Extensions.dll
Register platform support module: C:/Program Files/Unity/Hub/Editor/2022.3.7f1/Editor/Data/PlaybackEngines/iOSSupport/UnityEditor.iOS.Extensions.dll
Register platform support module: C:/Program Files/Unity/Hub/Editor/2022.3.7f1/Editor/Data/PlaybackEngines/AppleTVSupport/UnityEditor.AppleTV.Extensions.dll
Register platform support module: C:/Program Files/Unity/Hub/Editor/2022.3.7f1/Editor/Data/PlaybackEngines/WindowsStandaloneSupport/UnityEditor.WindowsStandalone.Extensions.dll
Register platform support module: C:/Program Files/Unity/Hub/Editor/2022.3.7f1/Editor/Data/PlaybackEngines/LinuxStandaloneSupport/UnityEditor.LinuxStandalone.Extensions.dll
Register platform support module: C:/Program Files/Unity/Hub/Editor/2022.3.7f1/Editor/Data/PlaybackEngines/MetroSupport/UnityEditor.UWP.Extensions.dll
Registered in 0.033129 seconds.
- Loaded All Assemblies, in  0.497 seconds
Native extension for UWP target not found
Native extension for LinuxStandalone target not found
Native extension for WindowsStandalone target not found
[usbmuxd] Start listen thread
[usbmuxd] Listen thread started
Native extension for AppleTV target not found
[usbmuxd] Start listen thread
[usbmuxd] Listen thread started
Native extension for iOS target not found
Native extension for Android target not found
Android Extension - Scanning For ADB Devices 326 ms
Native extension for OSXStandalone target not found
Native extension for WebGL target not found
Mono: successfully reloaded assembly
- Finished resetting the current domain, in  0.760 seconds
Domain Reload Profiling: 1255ms
	BeginReloadAssembly (130ms)
		ExecutionOrderSort (0ms)
		DisableScriptedObjects (0ms)
		BackupInstance (0ms)
		ReleaseScriptingObjects (0ms)
		CreateAndSetChildDomain (1ms)
	RebuildCommonClasses (43ms)
	RebuildNativeTypeToScriptingClass (13ms)
	initialDomainReloadingComplete (96ms)
	LoadAllAssembliesAndSetupDomain (214ms)
		LoadAssemblies (130ms)
		RebuildTransferFunctionScriptingTraits (0ms)
		AnalyzeDomain (208ms)
			TypeCache.Refresh (206ms)
				TypeCache.ScanAssembly (188ms)
			ScanForSourceGeneratedMonoScriptInfo (1ms)
			ResolveRequiredComponents (1ms)
	FinalizeReload (761ms)
		ReleaseScriptCaches (0ms)
		RebuildScriptCaches (0ms)
		SetupLoadedEditorAssemblies (686ms)
			LogAssemblyErrors (0ms)
			InitializePlatformSupportModulesInManaged (510ms)
			SetLoadedEditorAssemblies (5ms)
			RefreshPlugins (0ms)
			BeforeProcessingInitializeOnLoad (2ms)
			ProcessInitializeOnLoadAttributes (109ms)
			ProcessInitializeOnLoadMethodAttributes (59ms)
			AfterProcessingInitializeOnLoad (0ms)
			EditorAssembliesLoaded (0ms)
		ExecutionOrderSort2 (0ms)
		AwakeInstancesAfterBackupRestoration (0ms)
========================================================================
Worker process is ready to serve import requests
Begin MonoManager ReloadAssembly
Symbol file LoadedFromMemory doesn't match image C:\Users\unatema05\Documents\GitHub\MAGD-372\Level Design\Library\PackageCache\com.unity.visualscripting@1.8.0\Editor\VisualScripting.Core\Dependencies\YamlDotNet\Unity.VisualScripting.YamlDotNet.dll
Symbol file LoadedFromMemory doesn't match image C:\Users\unatema05\Documents\GitHub\MAGD-372\Level Design\Library\PackageCache\com.unity.visualscripting@1.8.0\Editor\VisualScripting.Core\Dependencies\DotNetZip\Unity.VisualScripting.IonicZip.dll
- Loaded All Assemblies, in  0.746 seconds
Refreshing native plugins compatible for Editor in 3.75 ms, found 3 plugins.
Native extension for UWP target not found
Native extension for LinuxStandalone target not found
Native extension for WindowsStandalone target not found
Native extension for AppleTV target not found
Native extension for iOS target not found
Native extension for Android target not found
Native extension for OSXStandalone target not found
Native extension for WebGL target not found
Mono: successfully reloaded assembly
- Finished resetting the current domain, in  0.609 seconds
Domain Reload Profiling: 1351ms
	BeginReloadAssembly (172ms)
		ExecutionOrderSort (0ms)
		DisableScriptedObjects (6ms)
		BackupInstance (0ms)
		ReleaseScriptingObjects (0ms)
		CreateAndSetChildDomain (29ms)
	RebuildCommonClasses (44ms)
	RebuildNativeTypeToScriptingClass (11ms)
	initialDomainReloadingComplete (49ms)
	LoadAllAssembliesAndSetupDomain (464ms)
		LoadAssemblies (363ms)
		RebuildTransferFunctionScriptingTraits (0ms)
		AnalyzeDomain (202ms)
			TypeCache.Refresh (180ms)
				TypeCache.ScanAssembly (160ms)
			ScanForSourceGeneratedMonoScriptInfo (17ms)
			ResolveRequiredComponents (4ms)
	FinalizeReload (609ms)
		ReleaseScriptCaches (0ms)
		RebuildScriptCaches (0ms)
		SetupLoadedEditorAssemblies (437ms)
			LogAssemblyErrors (0ms)
			InitializePlatformSupportModulesInManaged (59ms)
			SetLoadedEditorAssemblies (4ms)
			RefreshPlugins (0ms)
			BeforeProcessingInitializeOnLoad (79ms)
			ProcessInitializeOnLoadAttributes (267ms)
			ProcessInitializeOnLoadMethodAttributes (20ms)
			AfterProcessingInitializeOnLoad (8ms)
			EditorAssembliesLoaded (0ms)
		ExecutionOrderSort2 (0ms)
		AwakeInstancesAfterBackupRestoration (7ms)
Launched and connected shader compiler UnityShaderCompiler.exe after 0.04 seconds
Refreshing native plugins compatible for Editor in 3.46 ms, found 3 plugins.
Preloading 0 native plugins for Editor in 0.00 ms.
Unloading 3122 Unused Serialized files (Serialized files now loaded: 0)
Unloading 31 unused Assets / (56.3 KB). Loaded Objects now: 3594.
Memory consumption went from 121.9 MB to 121.8 MB.
Total: 3.397100 ms (FindLiveObjects: 0.308400 ms CreateObjectMapping: 0.179300 ms MarkObjects: 2.795500 ms  DeleteObjects: 0.112600 ms)

AssetImportParameters requested are different than current active one (requested -> active):
  custom:container-demuxer-ogg: 62fdf1f143b41e24485cea50d1cbac27 -> 
  custom:video-decoder-ogg-theora: a1e56fd34408186e4bbccfd4996cb3dc -> 
  custom:framework-win-MediaFoundation: 216162199b28c13a410421893ffa2e32 -> 
  custom:CustomObjectIndexerAttribute: 756ad292c208cfabdd7b50bc23989ffe -> 
  custom:container-demuxer-webm: 4f35f7cbe854078d1ac9338744f61a02 -> 
  custom:container-muxer-webm: aa71ff27fc2769a1b78a27578f13a17b -> 
  custom:video-decoder-webm-vp8: 9c59270c3fd7afecdb556c50c9e8de78 -> 
  custom:SearchIndexIgnoredProperties: e643bd26f0fe6173181afceb89e7c659 -> 
  custom:AudioImporter_EditorPlatform: d09bf68614088b80899f8185d706f6e7 -> 
  custom:video-encoder-webm-vp8: eb34c28f22e8b96e1ab97ce403110664 -> 
  custom:audio-decoder-ogg-vorbis: bf7c407c2cedff20999df2af8eb42d56 -> 
  custom:audio-encoder-webm-vorbis: bf7c407c2cedff20999df2af8eb42d56 -> 
========================================================================
Received Import Request.
  Time since last request: 30791.503356 seconds.
  path: Assets/Pesca/Pesca.dae
  artifactKey: Guid(1c3395fab91b02a4192be9ade3e971c2) Importer(815301076,1909f56bfc062723c751e8b465ee728b)
Start importing Assets/Pesca/Pesca.dae using Guid(1c3395fab91b02a4192be9ade3e971c2) Importer(815301076,1909f56bfc062723c751e8b465ee728b)  -> (artifact id: 'b6723e14a1cbf3202d94804570ede42a') in 0.336010 seconds
Number of updated asset objects reloaded before import = 0
Number of asset objects unloaded after import = 146
========================================================================
Received Import Request.
  Time since last request: 69.063645 seconds.
  path: Assets/Models pack psx/Models/models.fbx
  artifactKey: Guid(a7816a695ae288f49a2a92744f461aa4) Importer(815301076,1909f56bfc062723c751e8b465ee728b)
Start importing Assets/Models pack psx/Models/models.fbx using Guid(a7816a695ae288f49a2a92744f461aa4) Importer(815301076,1909f56bfc062723c751e8b465ee728b)  -> (artifact id: '8d82d3159a2fbf39468db56ca2da5e97') in 4.634411 seconds
Number of updated asset objects reloaded before import = 0
Number of asset objects unloaded after import = 3048
========================================================================
Received Import Request.
  Time since last request: 347.181518 seconds.
  path: Assets/Models pack psx/Texture/Auto.jpg
  artifactKey: Guid(2c09416415413da479711e5a73c77e4e) Importer(815301076,1909f56bfc062723c751e8b465ee728b)
Start importing Assets/Models pack psx/Texture/Auto.jpg using Guid(2c09416415413da479711e5a73c77e4e) Importer(815301076,1909f56bfc062723c751e8b465ee728b)  -> (artifact id: 'a75b8720dcc7f58962ee914cbdb05dc6') in 0.043144 seconds
Number of updated asset objects reloaded before import = 0
Number of asset objects unloaded after import = 2
========================================================================
Received Import Request.
  Time since last request: 0.000029 seconds.
  path: Assets/Models pack psx/Texture/Deposits.jpg
  artifactKey: Guid(eabcdf6fb90db644c9f1d6d444ec4673) Importer(815301076,1909f56bfc062723c751e8b465ee728b)
Start importing Assets/Models pack psx/Texture/Deposits.jpg using Guid(eabcdf6fb90db644c9f1d6d444ec4673) Importer(815301076,1909f56bfc062723c751e8b465ee728b)  -> (artifact id: '24000a1cf2b9f6844a55f34645224a5d') in 0.023706 seconds
Number of updated asset objects reloaded before import = 0
Number of asset objects unloaded after import = 2
========================================================================
Received Import Request.
  Time since last request: 0.000026 seconds.
  path: Assets/Models pack psx/Texture/Metal_10.jpg
  artifactKey: Guid(dffb676f760adf848860e192a1ac1cb1) Importer(815301076,1909f56bfc062723c751e8b465ee728b)
Start importing Assets/Models pack psx/Texture/Metal_10.jpg using Guid(dffb676f760adf848860e192a1ac1cb1) Importer(815301076,1909f56bfc062723c751e8b465ee728b)  -> (artifact id: '0577c00d440e677cf4965f8a7648b9ca') in 0.027403 seconds
Number of updated asset objects reloaded before import = 0
Number of asset objects unloaded after import = 2
========================================================================
Received Import Request.
  Time since last request: 0.000033 seconds.
  path: Assets/Models pack psx/Texture/Door.jpg
  artifactKey: Guid(2c4087c9d0b200d44bdb0d89fdac4a8b) Importer(815301076,1909f56bfc062723c751e8b465ee728b)
Start importing Assets/Models pack psx/Texture/Door.jpg using Guid(2c4087c9d0b200d44bdb0d89fdac4a8b) Importer(815301076,1909f56bfc062723c751e8b465ee728b)  -> (artifact id: '6a10766eb7ea3144042fe19389621510') in 0.022337 seconds
Number of updated asset objects reloaded before import = 0
Number of asset objects unloaded after import = 2
========================================================================
Received Import Request.
  Time since last request: 0.000044 seconds.
  path: Assets/Models pack psx/Texture/Paper.jpg
  artifactKey: Guid(7d103b68538f900468413eed396c041b) Importer(815301076,1909f56bfc062723c751e8b465ee728b)
Start importing Assets/Models pack psx/Texture/Paper.jpg using Guid(7d103b68538f900468413eed396c041b) Importer(815301076,1909f56bfc062723c751e8b465ee728b)  -> (artifact id: '4ed9a2f44c993ea129d830baad39ebfe') in 0.028809 seconds
Number of updated asset objects reloaded before import = 0
Number of asset objects unloaded after import = 2
========================================================================
Received Import Request.
  Time since last request: 0.000025 seconds.
  path: Assets/Models pack psx/Texture/ceiling.png
  artifactKey: Guid(b7aa102a4d204a14697ef4f3f238185a) Importer(815301076,1909f56bfc062723c751e8b465ee728b)
Start importing Assets/Models pack psx/Texture/ceiling.png using Guid(b7aa102a4d204a14697ef4f3f238185a) Importer(815301076,1909f56bfc062723c751e8b465ee728b)  -> (artifact id: '571786616f5acc61b5708a3a032804c6') in 0.029827 seconds
Number of updated asset objects reloaded before import = 0
Number of asset objects unloaded after import = 2
========================================================================
Received Import Request.
  Time since last request: 0.000022 seconds.
  path: Assets/Models pack psx/Texture/Trash_01.jpg
  artifactKey: Guid(963df15f1796a8a4ba11e14ca6b602f2) Importer(815301076,1909f56bfc062723c751e8b465ee728b)
Start importing Assets/Models pack psx/Texture/Trash_01.jpg using Guid(963df15f1796a8a4ba11e14ca6b602f2) Importer(815301076,1909f56bfc062723c751e8b465ee728b)  -> (artifact id: 'e4e9b5039191bd91b8a04a924b6525d2') in 0.026642 seconds
Number of updated asset objects reloaded before import = 0
Number of asset objects unloaded after import = 2
========================================================================
Received Import Request.
  Time since last request: 0.000021 seconds.
  path: Assets/Models pack psx/Texture/Boxs.jpg
  artifactKey: Guid(4258d5291b390d24c9135076f0f526c8) Importer(815301076,1909f56bfc062723c751e8b465ee728b)
Start importing Assets/Models pack psx/Texture/Boxs.jpg using Guid(4258d5291b390d24c9135076f0f526c8) Importer(815301076,1909f56bfc062723c751e8b465ee728b)  -> (artifact id: '51d00ed6d18dbeb7c8de5c70494a979f') in 0.027634 seconds
Number of updated asset objects reloaded before import = 0
Number of asset objects unloaded after import = 2
========================================================================
Received Import Request.
  Time since last request: 0.000035 seconds.
  path: Assets/Models pack psx/Texture/Boxs_03.jpg
  artifactKey: Guid(a0d961dd9af1d0c46917004bfdc8a8bc) Importer(815301076,1909f56bfc062723c751e8b465ee728b)
Start importing Assets/Models pack psx/Texture/Boxs_03.jpg using Guid(a0d961dd9af1d0c46917004bfdc8a8bc) Importer(815301076,1909f56bfc062723c751e8b465ee728b)  -> (artifact id: 'c83b1170253f7a237e541e68f3ed23aa') in 0.026997 seconds
Number of updated asset objects reloaded before import = 0
Number of asset objects unloaded after import = 2
========================================================================
Received Import Request.
  Time since last request: 0.000033 seconds.
  path: Assets/Models pack psx/Texture/Metal_01.jpg
  artifactKey: Guid(b30ff965431ef7249add188d0a713bdd) Importer(815301076,1909f56bfc062723c751e8b465ee728b)
Start importing Assets/Models pack psx/Texture/Metal_01.jpg using Guid(b30ff965431ef7249add188d0a713bdd) Importer(815301076,1909f56bfc062723c751e8b465ee728b)  -> (artifact id: '4bf87416778a3ab7e58190ba89822cd2') in 0.025145 seconds
Number of updated asset objects reloaded before import = 0
Number of asset objects unloaded after import = 2
========================================================================
Received Import Request.
  Time since last request: 0.000027 seconds.
  path: Assets/Models pack psx/Texture/Plastic_02.jpg
  artifactKey: Guid(7dc45d2a861fbd54885e220063e499ba) Importer(815301076,1909f56bfc062723c751e8b465ee728b)
Start importing Assets/Models pack psx/Texture/Plastic_02.jpg using Guid(7dc45d2a861fbd54885e220063e499ba) Importer(815301076,1909f56bfc062723c751e8b465ee728b)  -> (artifact id: 'b4d30dd8c5465b596cb0f9d7203a0e79') in 0.025752 seconds
Number of updated asset objects reloaded before import = 0
Number of asset objects unloaded after import = 2
========================================================================
Received Import Request.
  Time since last request: 0.000025 seconds.
  path: Assets/Models pack psx/Texture/Plants_07.png
  artifactKey: Guid(1b9931ecffaec9141a70d9b618ce00d9) Importer(815301076,1909f56bfc062723c751e8b465ee728b)
Start importing Assets/Models pack psx/Texture/Plants_07.png using Guid(1b9931ecffaec9141a70d9b618ce00d9) Importer(815301076,1909f56bfc062723c751e8b465ee728b)  -> (artifact id: '6220b36998664c57759387d283d32b6d') in 0.024691 seconds
Number of updated asset objects reloaded before import = 0
Number of asset objects unloaded after import = 2
========================================================================
Received Import Request.
  Time since last request: 0.000027 seconds.
  path: Assets/Models pack psx/Texture/Cardboard.jpg
  artifactKey: Guid(6dd1e58342b7c104592e9b96109e319b) Importer(815301076,1909f56bfc062723c751e8b465ee728b)
Start importing Assets/Models pack psx/Texture/Cardboard.jpg using Guid(6dd1e58342b7c104592e9b96109e319b) Importer(815301076,1909f56bfc062723c751e8b465ee728b)  -> (artifact id: 'f3a66d3ea44dce7bf98f72c9c926905a') in 0.025811 seconds
Number of updated asset objects reloaded before import = 0
Number of asset objects unloaded after import = 2
========================================================================
Received Import Request.
  Time since last request: 0.000039 seconds.
  path: Assets/Models pack psx/Texture/Tiles.jpg
  artifactKey: Guid(b883f08300ab9354185dda040a99692f) Importer(815301076,1909f56bfc062723c751e8b465ee728b)
Start importing Assets/Models pack psx/Texture/Tiles.jpg using Guid(b883f08300ab9354185dda040a99692f) Importer(815301076,1909f56bfc062723c751e8b465ee728b)  -> (artifact id: '17210b2c6c42933c1f0c512cebc12324') in 0.027461 seconds
Number of updated asset objects reloaded before import = 0
Number of asset objects unloaded after import = 2
========================================================================
Received Import Request.
  Time since last request: 0.000025 seconds.
  path: Assets/Models pack psx/Texture/Bush_03.png
  artifactKey: Guid(05b7804d5de618245b740aa3343a4b2e) Importer(815301076,1909f56bfc062723c751e8b465ee728b)
Start importing Assets/Models pack psx/Texture/Bush_03.png using Guid(05b7804d5de618245b740aa3343a4b2e) Importer(815301076,1909f56bfc062723c751e8b465ee728b)  -> (artifact id: '9d20bbbfad0be5850e21ab7e47e5f6f1') in 0.026998 seconds
Number of updated asset objects reloaded before import = 0
Number of asset objects unloaded after import = 2
========================================================================
Received Import Request.
  Time since last request: 0.000028 seconds.
  path: Assets/Models pack psx/Texture/Boxs_14.jpg
  artifactKey: Guid(385c66215f862414c9a7324a51d8e3f3) Importer(815301076,1909f56bfc062723c751e8b465ee728b)
Start importing Assets/Models pack psx/Texture/Boxs_14.jpg using Guid(385c66215f862414c9a7324a51d8e3f3) Importer(815301076,1909f56bfc062723c751e8b465ee728b)  -> (artifact id: '92d18895dbff32318b2687c61063fe67') in 0.027548 seconds
Number of updated asset objects reloaded before import = 0
Number of asset objects unloaded after import = 2
========================================================================
Received Import Request.
  Time since last request: 0.000023 seconds.
  path: Assets/Models pack psx/Texture/Cash_register.png
  artifactKey: Guid(2d3d93f254ee4854a800ed45bfbd2a0e) Importer(815301076,1909f56bfc062723c751e8b465ee728b)
Start importing Assets/Models pack psx/Texture/Cash_register.png using Guid(2d3d93f254ee4854a800ed45bfbd2a0e) Importer(815301076,1909f56bfc062723c751e8b465ee728b)  -> (artifact id: 'f41d393e76ba0d59a4cef3b917ae4720') in 0.026271 seconds
Number of updated asset objects reloaded before import = 0
Number of asset objects unloaded after import = 2
========================================================================
Received Import Request.
  Time since last request: 0.000043 seconds.
  path: Assets/Models pack psx/Texture/Shelf_Store_16.png
  artifactKey: Guid(1cd82e01f591ee04a8d1d7ffe841078c) Importer(815301076,1909f56bfc062723c751e8b465ee728b)
Start importing Assets/Models pack psx/Texture/Shelf_Store_16.png using Guid(1cd82e01f591ee04a8d1d7ffe841078c) Importer(815301076,1909f56bfc062723c751e8b465ee728b)  -> (artifact id: 'a7f34d720710b19c6ca239bddbc82923') in 0.028646 seconds
Number of updated asset objects reloaded before import = 0
Number of asset objects unloaded after import = 2
========================================================================
Received Import Request.
  Time since last request: 0.000028 seconds.
  path: Assets/Models pack psx/Texture/Plants.png
  artifactKey: Guid(9e7d69f451fc4264c83f31e8e4a055bb) Importer(815301076,1909f56bfc062723c751e8b465ee728b)
Start importing Assets/Models pack psx/Texture/Plants.png using Guid(9e7d69f451fc4264c83f31e8e4a055bb) Importer(815301076,1909f56bfc062723c751e8b465ee728b)  -> (artifact id: '1ba7f8d3c97b27e55314cc0fd95c0ec1') in 0.027108 seconds
Number of updated asset objects reloaded before import = 0
Number of asset objects unloaded after import = 2
========================================================================
Received Import Request.
  Time since last request: 0.000029 seconds.
  path: Assets/Models pack psx/Texture/Boxs_02.jpg
  artifactKey: Guid(c3e6dc9e1339b034594a8d1e901d9f08) Importer(815301076,1909f56bfc062723c751e8b465ee728b)
Start importing Assets/Models pack psx/Texture/Boxs_02.jpg using Guid(c3e6dc9e1339b034594a8d1e901d9f08) Importer(815301076,1909f56bfc062723c751e8b465ee728b)  -> (artifact id: 'ccc8e7f380e86289d5a2c0f98507b259') in 0.033374 seconds
Number of updated asset objects reloaded before import = 0
Number of asset objects unloaded after import = 2
========================================================================
Received Import Request.
  Time since last request: 0.000030 seconds.
  path: Assets/Models pack psx/Texture/brick_02.jpg
  artifactKey: Guid(83761af563957dc4ca3403ae4f18d821) Importer(815301076,1909f56bfc062723c751e8b465ee728b)
Start importing Assets/Models pack psx/Texture/brick_02.jpg using Guid(83761af563957dc4ca3403ae4f18d821) Importer(815301076,1909f56bfc062723c751e8b465ee728b)  -> (artifact id: 'c76c1e4892ccddb02c6f4e3fc13ab302') in 0.026436 seconds
Number of updated asset objects reloaded before import = 0
Number of asset objects unloaded after import = 2
========================================================================
Received Import Request.
  Time since last request: 0.000032 seconds.
  path: Assets/Models pack psx/Texture/Deposits_01.jpg
  artifactKey: Guid(e3a8af0c5ef02494b8d9fcbade2e5a11) Importer(815301076,1909f56bfc062723c751e8b465ee728b)
Start importing Assets/Models pack psx/Texture/Deposits_01.jpg using Guid(e3a8af0c5ef02494b8d9fcbade2e5a11) Importer(815301076,1909f56bfc062723c751e8b465ee728b)  -> (artifact id: '494317ed1195a0476daf15dfbd262a43') in 0.028294 seconds
Number of updated asset objects reloaded before import = 0
Number of asset objects unloaded after import = 2
========================================================================
Received Import Request.
  Time since last request: 0.000038 seconds.
  path: Assets/Models pack psx/Texture/Shelf_Store.png
  artifactKey: Guid(00056860818591d4094d663f2ed17597) Importer(815301076,1909f56bfc062723c751e8b465ee728b)
Start importing Assets/Models pack psx/Texture/Shelf_Store.png using Guid(00056860818591d4094d663f2ed17597) Importer(815301076,1909f56bfc062723c751e8b465ee728b)  -> (artifact id: 'a5929a8b790975ccea57d527c3f5a1c9') in 0.028372 seconds
Number of updated asset objects reloaded before import = 0
Number of asset objects unloaded after import = 2
========================================================================
Received Import Request.
  Time since last request: 0.000025 seconds.
  path: Assets/Models pack psx/Texture/Tiles_01.jpg
  artifactKey: Guid(bdfa099a3247efd4abf9400405bf66cf) Importer(815301076,1909f56bfc062723c751e8b465ee728b)
Start importing Assets/Models pack psx/Texture/Tiles_01.jpg using Guid(bdfa099a3247efd4abf9400405bf66cf) Importer(815301076,1909f56bfc062723c751e8b465ee728b)  -> (artifact id: '27a31424295a8d9fb721490af767a401') in 0.025221 seconds
Number of updated asset objects reloaded before import = 0
Number of asset objects unloaded after import = 2
========================================================================
Received Import Request.
  Time since last request: 0.000029 seconds.
  path: Assets/Models pack psx/Texture/Mattress.jpg
  artifactKey: Guid(f2f2bf51cab02c14e8146b1892b06207) Importer(815301076,1909f56bfc062723c751e8b465ee728b)
Start importing Assets/Models pack psx/Texture/Mattress.jpg using Guid(f2f2bf51cab02c14e8146b1892b06207) Importer(815301076,1909f56bfc062723c751e8b465ee728b)  -> (artifact id: '26d7a26bb51fc3b1ef45a3e58f2caac8') in 0.023035 seconds
Number of updated asset objects reloaded before import = 0
Number of asset objects unloaded after import = 2
========================================================================
Received Import Request.
  Time since last request: 0.000030 seconds.
  path: Assets/Models pack psx/Texture/Door_03.jpg
  artifactKey: Guid(aad3c100230765940b3486d69b459b5a) Importer(815301076,1909f56bfc062723c751e8b465ee728b)
Start importing Assets/Models pack psx/Texture/Door_03.jpg using Guid(aad3c100230765940b3486d69b459b5a) Importer(815301076,1909f56bfc062723c751e8b465ee728b)  -> (artifact id: '2fddaa116098ebe3c8707aeb1678f604') in 0.025904 seconds
Number of updated asset objects reloaded before import = 0
Number of asset objects unloaded after import = 2
========================================================================
Received Import Request.
  Time since last request: 0.000038 seconds.
  path: Assets/Models pack psx/Texture/Boxs_12.jpg
  artifactKey: Guid(c9af879ae6e07ef43ab2d3ba371a5db8) Importer(815301076,1909f56bfc062723c751e8b465ee728b)
Start importing Assets/Models pack psx/Texture/Boxs_12.jpg using Guid(c9af879ae6e07ef43ab2d3ba371a5db8) Importer(815301076,1909f56bfc062723c751e8b465ee728b)  -> (artifact id: 'a10805312eb348c216633291ece71cda') in 0.026056 seconds
Number of updated asset objects reloaded before import = 0
Number of asset objects unloaded after import = 2
========================================================================
Received Import Request.
  Time since last request: 0.000028 seconds.
  path: Assets/Models pack psx/Texture/Micro.jpg
  artifactKey: Guid(d78dfa80651aadd48bcbdb0ee28ba7eb) Importer(815301076,1909f56bfc062723c751e8b465ee728b)
Start importing Assets/Models pack psx/Texture/Micro.jpg using Guid(d78dfa80651aadd48bcbdb0ee28ba7eb) Importer(815301076,1909f56bfc062723c751e8b465ee728b)  -> (artifact id: '552c80a4972d63a0974b4bf42fd25774') in 0.026027 seconds
Number of updated asset objects reloaded before import = 0
Number of asset objects unloaded after import = 2
========================================================================
Received Import Request.
  Time since last request: 0.000040 seconds.
  path: Assets/Models pack psx/Texture/Metal.jpg
  artifactKey: Guid(8188df40be88f324d902085aa61355b4) Importer(815301076,1909f56bfc062723c751e8b465ee728b)
Start importing Assets/Models pack psx/Texture/Metal.jpg using Guid(8188df40be88f324d902085aa61355b4) Importer(815301076,1909f56bfc062723c751e8b465ee728b)  -> (artifact id: '73c0679b561de146999ae9d60ed3f9dc') in 0.028628 seconds
Number of updated asset objects reloaded before import = 0
Number of asset objects unloaded after import = 2
========================================================================
Received Import Request.
  Time since last request: 0.000056 seconds.
  path: Assets/Models pack psx/Texture/Bookcase.jpg
  artifactKey: Guid(a213760aaf5261946906e7e5ed64ac4a) Importer(815301076,1909f56bfc062723c751e8b465ee728b)
Start importing Assets/Models pack psx/Texture/Bookcase.jpg using Guid(a213760aaf5261946906e7e5ed64ac4a) Importer(815301076,1909f56bfc062723c751e8b465ee728b)  -> (artifact id: '060e313f0ab1c871ae2042898998a1f1') in 0.027784 seconds
Number of updated asset objects reloaded before import = 0
Number of asset objects unloaded after import = 2
========================================================================
Received Import Request.
  Time since last request: 0.000026 seconds.
  path: Assets/Models pack psx/Texture/Auto2.jpg
  artifactKey: Guid(fc44bd7b14c1f6948823bc4f5fb7c830) Importer(815301076,1909f56bfc062723c751e8b465ee728b)
Start importing Assets/Models pack psx/Texture/Auto2.jpg using Guid(fc44bd7b14c1f6948823bc4f5fb7c830) Importer(815301076,1909f56bfc062723c751e8b465ee728b)  -> (artifact id: '9f2916ee9eb3953a46d642a3bae6303f') in 0.025006 seconds
Number of updated asset objects reloaded before import = 0
Number of asset objects unloaded after import = 2
========================================================================
Received Import Request.
  Time since last request: 0.000041 seconds.
  path: Assets/Models pack psx/Texture/Shelf_Store_12.png
  artifactKey: Guid(5fe679388771dc34d813b10dba1d3fe5) Importer(815301076,1909f56bfc062723c751e8b465ee728b)
Start importing Assets/Models pack psx/Texture/Shelf_Store_12.png using Guid(5fe679388771dc34d813b10dba1d3fe5) Importer(815301076,1909f56bfc062723c751e8b465ee728b)  -> (artifact id: '74ab631be534ba3797d1be58af31a68d') in 0.026052 seconds
Number of updated asset objects reloaded before import = 0
Number of asset objects unloaded after import = 2
========================================================================
Received Import Request.
  Time since last request: 0.000026 seconds.
  path: Assets/Models pack psx/Texture/Bush_06.png
  artifactKey: Guid(57c7cf51f8228c34c92dd2cb490bf2c5) Importer(815301076,1909f56bfc062723c751e8b465ee728b)
Start importing Assets/Models pack psx/Texture/Bush_06.png using Guid(57c7cf51f8228c34c92dd2cb490bf2c5) Importer(815301076,1909f56bfc062723c751e8b465ee728b)  -> (artifact id: '3cdf4a08902748ea0d349cb0c73eabf3') in 0.027278 seconds
Number of updated asset objects reloaded before import = 0
Number of asset objects unloaded after import = 2
========================================================================
Received Import Request.
  Time since last request: 0.000021 seconds.
  path: Assets/Models pack psx/Texture/Shelf_Store_05.jpg
  artifactKey: Guid(e2ae677a46a190946b4ed6a0c41b55ba) Importer(815301076,1909f56bfc062723c751e8b465ee728b)
Start importing Assets/Models pack psx/Texture/Shelf_Store_05.jpg using Guid(e2ae677a46a190946b4ed6a0c41b55ba) Importer(815301076,1909f56bfc062723c751e8b465ee728b)  -> (artifact id: '8f11419bf27c2ca68aae639c87bff399') in 0.025149 seconds
Number of updated asset objects reloaded before import = 0
Number of asset objects unloaded after import = 2
========================================================================
Received Import Request.
  Time since last request: 0.000026 seconds.
  path: Assets/Models pack psx/Texture/Mesh.png
  artifactKey: Guid(9257b01b4b4e70e4d9a934b70aad47e2) Importer(815301076,1909f56bfc062723c751e8b465ee728b)
Start importing Assets/Models pack psx/Texture/Mesh.png using Guid(9257b01b4b4e70e4d9a934b70aad47e2) Importer(815301076,1909f56bfc062723c751e8b465ee728b)  -> (artifact id: '75564d2fcd120766d3a58bcfbebc486e') in 0.027804 seconds
Number of updated asset objects reloaded before import = 0
Number of asset objects unloaded after import = 2
========================================================================
Received Import Request.
  Time since last request: 0.000049 seconds.
  path: Assets/Models pack psx/Texture/Boxs_04.jpg
  artifactKey: Guid(28d963350f77b6443af7accf62ad1892) Importer(815301076,1909f56bfc062723c751e8b465ee728b)
Start importing Assets/Models pack psx/Texture/Boxs_04.jpg using Guid(28d963350f77b6443af7accf62ad1892) Importer(815301076,1909f56bfc062723c751e8b465ee728b)  -> (artifact id: '58f06d44c2e0a49ffb6008681aa1c9f8') in 0.025251 seconds
Number of updated asset objects reloaded before import = 0
Number of asset objects unloaded after import = 2
========================================================================
Received Import Request.
  Time since last request: 0.000023 seconds.
  path: Assets/Models pack psx/Texture/Plastic.jpg
  artifactKey: Guid(a1b004ae9dcb19942bad1f8d793327a4) Importer(815301076,1909f56bfc062723c751e8b465ee728b)
Start importing Assets/Models pack psx/Texture/Plastic.jpg using Guid(a1b004ae9dcb19942bad1f8d793327a4) Importer(815301076,1909f56bfc062723c751e8b465ee728b)  -> (artifact id: '471d25d4b86fc54b8acceb77244d4584') in 0.026843 seconds
Number of updated asset objects reloaded before import = 0
Number of asset objects unloaded after import = 2
========================================================================
Received Import Request.
  Time since last request: 0.000040 seconds.
  path: Assets/Models pack psx/Texture/Fabric.jpg
  artifactKey: Guid(8f863e3206df80540afd1a78c3e10516) Importer(815301076,1909f56bfc062723c751e8b465ee728b)
Start importing Assets/Models pack psx/Texture/Fabric.jpg using Guid(8f863e3206df80540afd1a78c3e10516) Importer(815301076,1909f56bfc062723c751e8b465ee728b)  -> (artifact id: '5eb88e4c8a65d368d2fd4cdc37e5f817') in 0.026770 seconds
Number of updated asset objects reloaded before import = 0
Number of asset objects unloaded after import = 2
========================================================================
Received Import Request.
  Time since last request: 0.000026 seconds.
  path: Assets/Models pack psx/Texture/Metal_02.jpg
  artifactKey: Guid(2c3aa73576cfae943a9ef17340ea7931) Importer(815301076,1909f56bfc062723c751e8b465ee728b)
Start importing Assets/Models pack psx/Texture/Metal_02.jpg using Guid(2c3aa73576cfae943a9ef17340ea7931) Importer(815301076,1909f56bfc062723c751e8b465ee728b)  -> (artifact id: '08a0c6741b09bb88635b06e26e84e53a') in 0.028186 seconds
Number of updated asset objects reloaded before import = 0
Number of asset objects unloaded after import = 2
========================================================================
Received Import Request.
  Time since last request: 0.000023 seconds.
  path: Assets/Models pack psx/Texture/Concrete_02.png
  artifactKey: Guid(1220851e770f92c4b9ea2617ba4dcc83) Importer(815301076,1909f56bfc062723c751e8b465ee728b)
Start importing Assets/Models pack psx/Texture/Concrete_02.png using Guid(1220851e770f92c4b9ea2617ba4dcc83) Importer(815301076,1909f56bfc062723c751e8b465ee728b)  -> (artifact id: '62ffd63c5b5806b13faecbd2bd28c0b8') in 0.028305 seconds
Number of updated asset objects reloaded before import = 0
Number of asset objects unloaded after import = 2
========================================================================
Received Import Request.
  Time since last request: 0.000039 seconds.
  path: Assets/Models pack psx/Texture/Boxs_10.jpg
  artifactKey: Guid(dc331cf758f71fe4780c02730977a864) Importer(815301076,1909f56bfc062723c751e8b465ee728b)
Start importing Assets/Models pack psx/Texture/Boxs_10.jpg using Guid(dc331cf758f71fe4780c02730977a864) Importer(815301076,1909f56bfc062723c751e8b465ee728b)  -> (artifact id: '309b30392f9accf8437f99304d5523bb') in 0.027897 seconds
Number of updated asset objects reloaded before import = 0
Number of asset objects unloaded after import = 2
========================================================================
Received Import Request.
  Time since last request: 0.000043 seconds.
  path: Assets/Models pack psx/Texture/Tiles_02.jpg
  artifactKey: Guid(a576a78508d478f41875d10bd3dcb9aa) Importer(815301076,1909f56bfc062723c751e8b465ee728b)
Start importing Assets/Models pack psx/Texture/Tiles_02.jpg using Guid(a576a78508d478f41875d10bd3dcb9aa) Importer(815301076,1909f56bfc062723c751e8b465ee728b)  -> (artifact id: 'c7d82175b6006aacf7f758e0882d96b7') in 0.029547 seconds
Number of updated asset objects reloaded before import = 0
Number of asset objects unloaded after import = 2
========================================================================
Received Import Request.
  Time since last request: 0.000030 seconds.
  path: Assets/Models pack psx/Texture/Boxs_09.jpg
  artifactKey: Guid(a3ae9c4b4a311cd4d80bf84f247b1d51) Importer(815301076,1909f56bfc062723c751e8b465ee728b)
Start importing Assets/Models pack psx/Texture/Boxs_09.jpg using Guid(a3ae9c4b4a311cd4d80bf84f247b1d51) Importer(815301076,1909f56bfc062723c751e8b465ee728b)  -> (artifact id: '28f4705329b64d9dd4ac9de98a9d5487') in 0.028148 seconds
Number of updated asset objects reloaded before import = 0
Number of asset objects unloaded after import = 2
========================================================================
Received Import Request.
  Time since last request: 0.000028 seconds.
  path: Assets/Models pack psx/Texture/Shelf_Store_03.png
  artifactKey: Guid(edb62299d1c50e04fa328be36c6934ac) Importer(815301076,1909f56bfc062723c751e8b465ee728b)
Start importing Assets/Models pack psx/Texture/Shelf_Store_03.png using Guid(edb62299d1c50e04fa328be36c6934ac) Importer(815301076,1909f56bfc062723c751e8b465ee728b)  -> (artifact id: '011751ad6c26c9a14a33957bea2bd836') in 0.027458 seconds
Number of updated asset objects reloaded before import = 0
Number of asset objects unloaded after import = 2
========================================================================
Received Import Request.
  Time since last request: 0.000025 seconds.
  path: Assets/Models pack psx/Texture/Deposits_02.jpg
  artifactKey: Guid(6f9f25663ffdf464f9aa234467d997ed) Importer(815301076,1909f56bfc062723c751e8b465ee728b)
Start importing Assets/Models pack psx/Texture/Deposits_02.jpg using Guid(6f9f25663ffdf464f9aa234467d997ed) Importer(815301076,1909f56bfc062723c751e8b465ee728b)  -> (artifact id: '567d77ba137f135cb8e047b5ec75be70') in 0.027982 seconds
Number of updated asset objects reloaded before import = 0
Number of asset objects unloaded after import = 2
========================================================================
Received Import Request.
  Time since last request: 0.000026 seconds.
  path: Assets/Models pack psx/Texture/Plants_03.png
  artifactKey: Guid(c8b9a4659c9fa4648a806776f9d3135d) Importer(815301076,1909f56bfc062723c751e8b465ee728b)
Start importing Assets/Models pack psx/Texture/Plants_03.png using Guid(c8b9a4659c9fa4648a806776f9d3135d) Importer(815301076,1909f56bfc062723c751e8b465ee728b)  -> (artifact id: 'd21898518688dfa08e9d1e0a02642902') in 0.028212 seconds
Number of updated asset objects reloaded before import = 0
Number of asset objects unloaded after import = 2
========================================================================
Received Import Request.
  Time since last request: 0.000027 seconds.
  path: Assets/Models pack psx/Texture/Boxs_06.jpg
  artifactKey: Guid(9ef2e0050e851734eb6f306259b98d43) Importer(815301076,1909f56bfc062723c751e8b465ee728b)
Start importing Assets/Models pack psx/Texture/Boxs_06.jpg using Guid(9ef2e0050e851734eb6f306259b98d43) Importer(815301076,1909f56bfc062723c751e8b465ee728b)  -> (artifact id: '9cc4f2fd86416c77bb48595b6f80b0e6') in 0.026006 seconds
Number of updated asset objects reloaded before import = 0
Number of asset objects unloaded after import = 2
========================================================================
Received Import Request.
  Time since last request: 0.000039 seconds.
  path: Assets/Models pack psx/Texture/Fabric_02.jpg
  artifactKey: Guid(277998cb1a5846d4eb479c2801db3a71) Importer(815301076,1909f56bfc062723c751e8b465ee728b)
Start importing Assets/Models pack psx/Texture/Fabric_02.jpg using Guid(277998cb1a5846d4eb479c2801db3a71) Importer(815301076,1909f56bfc062723c751e8b465ee728b)  -> (artifact id: 'dc89472a63dbe6e45261668a9b8c917c') in 0.026895 seconds
Number of updated asset objects reloaded before import = 0
Number of asset objects unloaded after import = 2
========================================================================
Received Import Request.
  Time since last request: 0.000045 seconds.
  path: Assets/Models pack psx/Texture/Metal_13.jpg
  artifactKey: Guid(7f6e6ff3db478614e8ef86c249209eff) Importer(815301076,1909f56bfc062723c751e8b465ee728b)
Start importing Assets/Models pack psx/Texture/Metal_13.jpg using Guid(7f6e6ff3db478614e8ef86c249209eff) Importer(815301076,1909f56bfc062723c751e8b465ee728b)  -> (artifact id: 'e09927095270faf6d966f7031574efe9') in 0.025781 seconds
Number of updated asset objects reloaded before import = 0
Number of asset objects unloaded after import = 2
========================================================================
Received Import Request.
  Time since last request: 0.000024 seconds.
  path: Assets/Models pack psx/Texture/Branch.png
  artifactKey: Guid(678a054f769a60645817afc776270eb0) Importer(815301076,1909f56bfc062723c751e8b465ee728b)
Start importing Assets/Models pack psx/Texture/Branch.png using Guid(678a054f769a60645817afc776270eb0) Importer(815301076,1909f56bfc062723c751e8b465ee728b)  -> (artifact id: '47bb75a2e6b12fc4b4d780db0821504c') in 0.026661 seconds
Number of updated asset objects reloaded before import = 0
Number of asset objects unloaded after import = 2
========================================================================
Received Import Request.
  Time since last request: 0.000029 seconds.
  path: Assets/Models pack psx/Texture/Concrete.png
  artifactKey: Guid(85ec7da6c3bb46c40b7e37e2f8514fc4) Importer(815301076,1909f56bfc062723c751e8b465ee728b)
Start importing Assets/Models pack psx/Texture/Concrete.png using Guid(85ec7da6c3bb46c40b7e37e2f8514fc4) Importer(815301076,1909f56bfc062723c751e8b465ee728b)  -> (artifact id: '62279411f9641621457a0f54af28689b') in 0.029947 seconds
Number of updated asset objects reloaded before import = 0
Number of asset objects unloaded after import = 2
========================================================================
Received Import Request.
  Time since last request: 0.000024 seconds.
  path: Assets/Models pack psx/Texture/Shelf_Store_11.png
  artifactKey: Guid(26a197572c93f0648baf6ffe01c24b67) Importer(815301076,1909f56bfc062723c751e8b465ee728b)
Start importing Assets/Models pack psx/Texture/Shelf_Store_11.png using Guid(26a197572c93f0648baf6ffe01c24b67) Importer(815301076,1909f56bfc062723c751e8b465ee728b)  -> (artifact id: '940dcfab5f81404d0701196729481d20') in 0.029935 seconds
Number of updated asset objects reloaded before import = 0
Number of asset objects unloaded after import = 2
========================================================================
Received Import Request.
  Time since last request: 0.000028 seconds.
  path: Assets/Models pack psx/Texture/Metal_08.jpg
  artifactKey: Guid(9b8fbec4f31b24f4d8b7f30cafeebe84) Importer(815301076,1909f56bfc062723c751e8b465ee728b)
Start importing Assets/Models pack psx/Texture/Metal_08.jpg using Guid(9b8fbec4f31b24f4d8b7f30cafeebe84) Importer(815301076,1909f56bfc062723c751e8b465ee728b)  -> (artifact id: '974b86b1a705338046f1f6d1ecee2114') in 0.029060 seconds
Number of updated asset objects reloaded before import = 0
Number of asset objects unloaded after import = 2
========================================================================
Received Import Request.
  Time since last request: 0.000024 seconds.
  path: Assets/Models pack psx/Texture/Shelf_Store_10.png
  artifactKey: Guid(278398fea894516479e2a9161b8e07c5) Importer(815301076,1909f56bfc062723c751e8b465ee728b)
Start importing Assets/Models pack psx/Texture/Shelf_Store_10.png using Guid(278398fea894516479e2a9161b8e07c5) Importer(815301076,1909f56bfc062723c751e8b465ee728b)  -> (artifact id: '95ce5db727787b45ce1228578f17e594') in 0.028905 seconds
Number of updated asset objects reloaded before import = 0
Number of asset objects unloaded after import = 2
========================================================================
Received Import Request.
  Time since last request: 0.000025 seconds.
  path: Assets/Models pack psx/Texture/Boxs_01.jpg
  artifactKey: Guid(2d0c1d30a2971f34980747b9b6136447) Importer(815301076,1909f56bfc062723c751e8b465ee728b)
Start importing Assets/Models pack psx/Texture/Boxs_01.jpg using Guid(2d0c1d30a2971f34980747b9b6136447) Importer(815301076,1909f56bfc062723c751e8b465ee728b)  -> (artifact id: 'de4ad6832e67b578e22739134b648006') in 0.032042 seconds
Number of updated asset objects reloaded before import = 0
Number of asset objects unloaded after import = 2
========================================================================
Received Import Request.
  Time since last request: 0.000025 seconds.
  path: Assets/Models pack psx/Texture/Door_02.jpg
  artifactKey: Guid(cebe2d0428f11b747b988fbd2295fa27) Importer(815301076,1909f56bfc062723c751e8b465ee728b)
Start importing Assets/Models pack psx/Texture/Door_02.jpg using Guid(cebe2d0428f11b747b988fbd2295fa27) Importer(815301076,1909f56bfc062723c751e8b465ee728b)  -> (artifact id: 'e220d75ad647ffc5eb30980610b072ef') in 0.028786 seconds
Number of updated asset objects reloaded before import = 0
Number of asset objects unloaded after import = 2
========================================================================
Received Import Request.
  Time since last request: 0.000050 seconds.
  path: Assets/Models pack psx/Texture/Metal_11.jpg
  artifactKey: Guid(81e44a32b0807fe4ba47a0919d55f5d8) Importer(815301076,1909f56bfc062723c751e8b465ee728b)
Start importing Assets/Models pack psx/Texture/Metal_11.jpg using Guid(81e44a32b0807fe4ba47a0919d55f5d8) Importer(815301076,1909f56bfc062723c751e8b465ee728b)  -> (artifact id: '14a4987f6b0b68e3fcd01e38797ebe72') in 0.028166 seconds
Number of updated asset objects reloaded before import = 0
Number of asset objects unloaded after import = 2
========================================================================
Received Import Request.
  Time since last request: 0.000103 seconds.
  path: Assets/Models pack psx/Texture/Bush_07.jpg
  artifactKey: Guid(31c3226f0c4cd29428e908f7c3b4403c) Importer(815301076,1909f56bfc062723c751e8b465ee728b)
Start importing Assets/Models pack psx/Texture/Bush_07.jpg using Guid(31c3226f0c4cd29428e908f7c3b4403c) Importer(815301076,1909f56bfc062723c751e8b465ee728b)  -> (artifact id: 'f938b97775bd73684d26273ae3ec13b5') in 0.033975 seconds
Number of updated asset objects reloaded before import = 0
Number of asset objects unloaded after import = 2
========================================================================
Received Import Request.
  Time since last request: 0.000043 seconds.
  path: Assets/Models pack psx/Texture/Door_01.jpg
  artifactKey: Guid(29d12d7ec4a309549884e67e34d3fc37) Importer(815301076,1909f56bfc062723c751e8b465ee728b)
Start importing Assets/Models pack psx/Texture/Door_01.jpg using Guid(29d12d7ec4a309549884e67e34d3fc37) Importer(815301076,1909f56bfc062723c751e8b465ee728b)  -> (artifact id: 'a0ccf7081bb9efa488ee7fa11ad00b2b') in 0.033278 seconds
Number of updated asset objects reloaded before import = 0
Number of asset objects unloaded after import = 2
========================================================================
Received Import Request.
  Time since last request: 0.000025 seconds.
  path: Assets/Models pack psx/Texture/Leather.jpg
  artifactKey: Guid(c2bbe022b284df8469b3d00aa5a998f5) Importer(815301076,1909f56bfc062723c751e8b465ee728b)
Start importing Assets/Models pack psx/Texture/Leather.jpg using Guid(c2bbe022b284df8469b3d00aa5a998f5) Importer(815301076,1909f56bfc062723c751e8b465ee728b)  -> (artifact id: '142eeda72ff6e94b19eabfe1cb5134c8') in 0.140849 seconds
Number of updated asset objects reloaded before import = 0
Number of asset objects unloaded after import = 2
Editor requested this worker to shutdown with reason: Scaling down because of idle timeout
TcpMessagingSession - receive error: operation aborted. errorcode: 995, details: The I/O operation has been aborted because of either a thread exit or an application request.
AssetImportWorker is now disconnected from the server
Process exiting
Exiting without the bug reporter. Application will terminate with return code 0