Using pre-set license
Built from '2021.3/staging' branch; Version is '2021.3.18f1 (3129e69bc0c7) revision 3221990'; Using compiler version '192829333'; Build Type 'Release'
OS: 'Windows 11  (10.0.22000) 64bit Core' Language: 'en' Physical Memory: 32693 MB
BatchMode: 1, IsHumanControllingUs: 0, StartBugReporterOnCrash: 0, Is64bit: 1, IsPro: 1

COMMAND LINE ARGUMENTS:
C:\Program Files\Unity\Hub\Editor\2021.3.18f1\Editor\Unity.exe
-adb2
-batchMode
-noUpm
-name
AssetImportWorker2
-projectPath
C:/Users/thecr/Documents/GitHub/MAGD-372/Level Design
-logFile
Logs/AssetImportWorker2.log
-srvPort
57279
Successfully changed project path to: C:/Users/thecr/Documents/GitHub/MAGD-372/Level Design
C:/Users/thecr/Documents/GitHub/MAGD-372/Level Design
[UnityMemory] Configuration Parameters - Can be set up in boot.config
    "memorysetup-bucket-allocator-granularity=16"
    "memorysetup-bucket-allocator-bucket-count=8"
    "memorysetup-bucket-allocator-block-size=33554432"
    "memorysetup-bucket-allocator-block-count=8"
    "memorysetup-main-allocator-block-size=16777216"
    "memorysetup-thread-allocator-block-size=16777216"
    "memorysetup-gfx-main-allocator-block-size=16777216"
    "memorysetup-gfx-thread-allocator-block-size=16777216"
    "memorysetup-cache-allocator-block-size=4194304"
    "memorysetup-typetree-allocator-block-size=2097152"
    "memorysetup-profiler-bucket-allocator-granularity=16"
    "memorysetup-profiler-bucket-allocator-bucket-count=8"
    "memorysetup-profiler-bucket-allocator-block-size=33554432"
    "memorysetup-profiler-bucket-allocator-block-count=8"
    "memorysetup-profiler-allocator-block-size=16777216"
    "memorysetup-profiler-editor-allocator-block-size=1048576"
    "memorysetup-temp-allocator-size-main=16777216"
    "memorysetup-job-temp-allocator-block-size=2097152"
    "memorysetup-job-temp-allocator-block-size-background=1048576"
    "memorysetup-job-temp-allocator-reduction-small-platforms=262144"
    "memorysetup-temp-allocator-size-background-worker=32768"
    "memorysetup-temp-allocator-size-job-worker=262144"
    "memorysetup-temp-allocator-size-preload-manager=33554432"
    "memorysetup-temp-allocator-size-nav-mesh-worker=65536"
    "memorysetup-temp-allocator-size-audio-worker=65536"
    "memorysetup-temp-allocator-size-cloud-worker=32768"
    "memorysetup-temp-allocator-size-gi-baking-worker=262144"
    "memorysetup-temp-allocator-size-gfx=262144"
Player connection [8032] Host "[IP] 192.168.1.140 [Port] 0 [Flags] 2 [Guid] 3573617899 [EditorId] 3573617899 [Version] 1048832 [Id] WindowsEditor(7,DESKTOP-0JA6P2K) [Debug] 1 [PackageName] WindowsEditor [ProjectName] Editor" joined multi-casting on [225.0.0.222:54997]...

Player connection [8032] Host "[IP] 192.168.1.140 [Port] 0 [Flags] 2 [Guid] 3573617899 [EditorId] 3573617899 [Version] 1048832 [Id] WindowsEditor(7,DESKTOP-0JA6P2K) [Debug] 1 [PackageName] WindowsEditor [ProjectName] Editor" joined alternative multi-casting on [225.0.0.222:34997]...

Refreshing native plugins compatible for Editor in 82.87 ms, found 3 plugins.
Preloading 0 native plugins for Editor in 0.00 ms.
Initialize engine version: 2021.3.18f1 (3129e69bc0c7)
[Subsystems] Discovering subsystems at path C:/Program Files/Unity/Hub/Editor/2021.3.18f1/Editor/Data/Resources/UnitySubsystems
[Subsystems] Discovering subsystems at path C:/Users/thecr/Documents/GitHub/MAGD-372/Level Design/Assets
GfxDevice: creating device client; threaded=0; jobified=0
Direct3D:
    Version:  Direct3D 11.0 [level 11.1]
    Renderer: NVIDIA GeForce GTX 1070 Ti (ID=0x1b82)
    Vendor:   NVIDIA
    VRAM:     8073 MB
    Driver:   31.0.15.2849
Initialize mono
Mono path[0] = 'C:/Program Files/Unity/Hub/Editor/2021.3.18f1/Editor/Data/Managed'
Mono path[1] = 'C:/Program Files/Unity/Hub/Editor/2021.3.18f1/Editor/Data/MonoBleedingEdge/lib/mono/unityjit-win32'
Mono config path = 'C:/Program Files/Unity/Hub/Editor/2021.3.18f1/Editor/Data/MonoBleedingEdge/etc'
Using monoOptions --debugger-agent=transport=dt_socket,embedding=1,server=y,suspend=n,address=127.0.0.1:56232
Begin MonoManager ReloadAssembly
Registering precompiled unity dll's ...
Register platform support module: C:/Program Files/Unity/Hub/Editor/2021.3.18f1/Editor/Data/PlaybackEngines/WindowsStandaloneSupport/UnityEditor.WindowsStandalone.Extensions.dll
Registered in 0.004762 seconds.
Native extension for WindowsStandalone target not found
Refreshing native plugins compatible for Editor in 83.56 ms, found 3 plugins.
Preloading 0 native plugins for Editor in 0.00 ms.
Mono: successfully reloaded assembly
- Completed reload, in  0.551 seconds
Domain Reload Profiling:
	ReloadAssembly (551ms)
		BeginReloadAssembly (60ms)
			ExecutionOrderSort (0ms)
			DisableScriptedObjects (0ms)
			BackupInstance (0ms)
			ReleaseScriptingObjects (0ms)
			CreateAndSetChildDomain (1ms)
		EndReloadAssembly (397ms)
			LoadAssemblies (58ms)
			RebuildTransferFunctionScriptingTraits (0ms)
			SetupTypeCache (85ms)
			ReleaseScriptCaches (0ms)
			RebuildScriptCaches (22ms)
			SetupLoadedEditorAssemblies (247ms)
				LogAssemblyErrors (0ms)
				InitializePlatformSupportModulesInManaged (6ms)
				SetLoadedEditorAssemblies (0ms)
				RefreshPlugins (84ms)
				BeforeProcessingInitializeOnLoad (1ms)
				ProcessInitializeOnLoadAttributes (119ms)
				ProcessInitializeOnLoadMethodAttributes (38ms)
				AfterProcessingInitializeOnLoad (0ms)
				EditorAssembliesLoaded (0ms)
			ExecutionOrderSort2 (0ms)
			AwakeInstancesAfterBackupRestoration (0ms)
Platform modules already initialized, skipping
Registering precompiled user dll's ...
Registered in 0.005050 seconds.
Begin MonoManager ReloadAssembly
Symbol file LoadedFromMemory doesn't match image C:\Users\thecr\Documents\GitHub\MAGD-372\Level Design\Library\PackageCache\com.unity.visualscripting@1.8.0\Editor\VisualScripting.Core\Dependencies\YamlDotNet\Unity.VisualScripting.YamlDotNet.dll
Symbol file LoadedFromMemory doesn't match image C:\Users\thecr\Documents\GitHub\MAGD-372\Level Design\Library\PackageCache\com.unity.visualscripting@1.8.0\Editor\VisualScripting.Core\Dependencies\DotNetZip\Unity.VisualScripting.IonicZip.dll
Native extension for WindowsStandalone target not found
Refreshing native plugins compatible for Editor in 0.55 ms, found 3 plugins.
Preloading 0 native plugins for Editor in 0.00 ms.
Mono: successfully reloaded assembly
- Completed reload, in  0.870 seconds
Domain Reload Profiling:
	ReloadAssembly (871ms)
		BeginReloadAssembly (92ms)
			ExecutionOrderSort (0ms)
			DisableScriptedObjects (5ms)
			BackupInstance (0ms)
			ReleaseScriptingObjects (0ms)
			CreateAndSetChildDomain (16ms)
		EndReloadAssembly (681ms)
			LoadAssemblies (64ms)
			RebuildTransferFunctionScriptingTraits (0ms)
			SetupTypeCache (234ms)
			ReleaseScriptCaches (1ms)
			RebuildScriptCaches (57ms)
			SetupLoadedEditorAssemblies (293ms)
				LogAssemblyErrors (0ms)
				InitializePlatformSupportModulesInManaged (4ms)
				SetLoadedEditorAssemblies (0ms)
				RefreshPlugins (1ms)
				BeforeProcessingInitializeOnLoad (81ms)
				ProcessInitializeOnLoadAttributes (185ms)
				ProcessInitializeOnLoadMethodAttributes (15ms)
				AfterProcessingInitializeOnLoad (7ms)
				EditorAssembliesLoaded (0ms)
			ExecutionOrderSort2 (0ms)
			AwakeInstancesAfterBackupRestoration (6ms)
Platform modules already initialized, skipping
========================================================================
Worker process is ready to serve import requests
Launched and connected shader compiler UnityShaderCompiler.exe after 0.03 seconds
Refreshing native plugins compatible for Editor in 0.78 ms, found 3 plugins.
Preloading 0 native plugins for Editor in 0.00 ms.
Unloading 3048 Unused Serialized files (Serialized files now loaded: 0)
Unloading 24 unused Assets / (113.4 KB). Loaded Objects now: 3508.
Memory consumption went from 107.5 MB to 107.4 MB.
Total: 2.739100 ms (FindLiveObjects: 0.244400 ms CreateObjectMapping: 0.123300 ms MarkObjects: 2.268300 ms  DeleteObjects: 0.102200 ms)

AssetImportParameters requested are different than current active one (requested -> active):
  custom:video-decoder-ogg-theora: a1e56fd34408186e4bbccfd4996cb3dc -> 
  custom:container-muxer-webm: aa71ff27fc2769a1b78a27578f13a17b -> 
  custom:container-demuxer-webm: 4f35f7cbe854078d1ac9338744f61a02 -> 
  custom:video-encoder-webm-vp8: eb34c28f22e8b96e1ab97ce403110664 -> 
  custom:audio-encoder-webm-vorbis: bf7c407c2cedff20999df2af8eb42d56 -> 
  custom:framework-win-MediaFoundation: 216162199b28c13a410421893ffa2e32 -> 
  custom:container-demuxer-ogg: 62fdf1f143b41e24485cea50d1cbac27 -> 
  custom:video-decoder-webm-vp8: 9c59270c3fd7afecdb556c50c9e8de78 -> 
  custom:audio-decoder-ogg-vorbis: bf7c407c2cedff20999df2af8eb42d56 -> 
========================================================================
Received Import Request.
  Time since last request: 990.424950 seconds.
  path: Assets/RPG_FPS_game_assets_industrial/Assets_showcase_scene.unity
  artifactKey: Guid(a8f7c31154bcc5e409be7f1bb14f0b08) Importer(815301076,1909f56bfc062723c751e8b465ee728b)
Start importing Assets/RPG_FPS_game_assets_industrial/Assets_showcase_scene.unity using Guid(a8f7c31154bcc5e409be7f1bb14f0b08) Importer(815301076,1909f56bfc062723c751e8b465ee728b)  -> (artifact id: '444c8a984782c5df0b0540494d2d8b07') in 0.008838 seconds 
========================================================================
Received Import Request.
  Time since last request: 6.632576 seconds.
  path: Assets/Scenes
  artifactKey: Guid(6ea315d0fd7389c41b19996891e99ae3) Importer(815301076,1909f56bfc062723c751e8b465ee728b)
Start importing Assets/Scenes using Guid(6ea315d0fd7389c41b19996891e99ae3) Importer(815301076,1909f56bfc062723c751e8b465ee728b)  -> (artifact id: 'b8193726cff86800c54781cdc6d54904') in 0.005118 seconds 
========================================================================
Received Import Request.
  Time since last request: 0.626065 seconds.
  path: Assets/Scenes/SampleScene.unity
  artifactKey: Guid(9fc0d4010bbf28b4594072e72b8655ab) Importer(815301076,1909f56bfc062723c751e8b465ee728b)
Start importing Assets/Scenes/SampleScene.unity using Guid(9fc0d4010bbf28b4594072e72b8655ab) Importer(815301076,1909f56bfc062723c751e8b465ee728b)  -> (artifact id: 'e55ccaa32d8e5c1de03c07a5412c8c3c') in 0.005282 seconds 
========================================================================
Received Import Request.
  Time since last request: 4.404236 seconds.
  path: Assets/RPG_FPS_game_assets_industrial/Other_props
  artifactKey: Guid(04518620511ce2044aaecde8cba795ae) Importer(815301076,1909f56bfc062723c751e8b465ee728b)
Start importing Assets/RPG_FPS_game_assets_industrial/Other_props using Guid(04518620511ce2044aaecde8cba795ae) Importer(815301076,1909f56bfc062723c751e8b465ee728b)  -> (artifact id: 'd8b7f05bbb0df255ad48b7041d98221e') in 0.005009 seconds 
========================================================================
Received Import Request.
  Time since last request: 41.242762 seconds.
  path: Assets/RPG_FPS_game_assets_industrial/Roads
  artifactKey: Guid(17ba308a597e27f4e9012b5cd729f02e) Importer(815301076,1909f56bfc062723c751e8b465ee728b)
Start importing Assets/RPG_FPS_game_assets_industrial/Roads using Guid(17ba308a597e27f4e9012b5cd729f02e) Importer(815301076,1909f56bfc062723c751e8b465ee728b)  -> (artifact id: 'e1f244015f3ab3d54af981bd397cf418') in 0.004915 seconds 
========================================================================
Received Import Request.
  Time since last request: 1.252415 seconds.
  path: Assets/RPG_FPS_game_assets_industrial/Roads/Road_sets
  artifactKey: Guid(eb6a258dc9bd40149ad4a7fb6463654f) Importer(815301076,1909f56bfc062723c751e8b465ee728b)
Start importing Assets/RPG_FPS_game_assets_industrial/Roads/Road_sets using Guid(eb6a258dc9bd40149ad4a7fb6463654f) Importer(815301076,1909f56bfc062723c751e8b465ee728b)  -> (artifact id: '2312aadb900f0c7a97158391bec0ef12') in 0.005176 seconds 
========================================================================
Received Import Request.
  Time since last request: 0.601560 seconds.
  path: Assets/RPG_FPS_game_assets_industrial/Roads/Road_sets/Road_set_v1
  artifactKey: Guid(4e9dd78878ac0954db1d00c769955332) Importer(815301076,1909f56bfc062723c751e8b465ee728b)
Start importing Assets/RPG_FPS_game_assets_industrial/Roads/Road_sets/Road_set_v1 using Guid(4e9dd78878ac0954db1d00c769955332) Importer(815301076,1909f56bfc062723c751e8b465ee728b)  -> (artifact id: '84f78d438fd9d9c3155ed9295c03b7b2') in 0.004830 seconds 
========================================================================
Received Import Request.
  Time since last request: 0.062980 seconds.
  path: Assets/RPG_FPS_game_assets_industrial/Roads/Road_sets/Road_set_v1/Road_set_v1_b_bend_1.prefab
  artifactKey: Guid(01fd6d8578da5054c80273c1d59d2cf9) Importer(815301076,1909f56bfc062723c751e8b465ee728b)
Start importing Assets/RPG_FPS_game_assets_industrial/Roads/Road_sets/Road_set_v1/Road_set_v1_b_bend_1.prefab using Guid(01fd6d8578da5054c80273c1d59d2cf9) Importer(815301076,1909f56bfc062723c751e8b465ee728b)  -> (artifact id: 'b92b5ce3724b5121bed0d8d215c08ae4') in 0.187307 seconds 
========================================================================
Received Import Request.
  Time since last request: 0.000024 seconds.
  path: Assets/RPG_FPS_game_assets_industrial/Roads/Road_sets/Road_set_v1/Road_set_v1_s_tile_2.prefab
  artifactKey: Guid(a4ea7ad660a6e4241aff4002d350fe80) Importer(815301076,1909f56bfc062723c751e8b465ee728b)
Start importing Assets/RPG_FPS_game_assets_industrial/Roads/Road_sets/Road_set_v1/Road_set_v1_s_tile_2.prefab using Guid(a4ea7ad660a6e4241aff4002d350fe80) Importer(815301076,1909f56bfc062723c751e8b465ee728b)  -> (artifact id: 'a641a498e4063443ac14359402273308') in 0.012128 seconds 
========================================================================
Received Import Request.
  Time since last request: 0.000027 seconds.
  path: Assets/RPG_FPS_game_assets_industrial/Roads/Road_sets/Road_set_v1/Road_set_v1_s_bend_2.prefab
  artifactKey: Guid(da5894b154be11342a3fcfc401f7b4aa) Importer(815301076,1909f56bfc062723c751e8b465ee728b)
Start importing Assets/RPG_FPS_game_assets_industrial/Roads/Road_sets/Road_set_v1/Road_set_v1_s_bend_2.prefab using Guid(da5894b154be11342a3fcfc401f7b4aa) Importer(815301076,1909f56bfc062723c751e8b465ee728b)  -> (artifact id: '68bf23f334b1b83d41dc3525e8642b62') in 0.012032 seconds 
========================================================================
Received Import Request.
  Time since last request: 0.000020 seconds.
  path: Assets/RPG_FPS_game_assets_industrial/Roads/Road_sets/Road_set_v1/Road_set_v1_s_floor.prefab
  artifactKey: Guid(8ec728fea85097b43ad9358333759bfa) Importer(815301076,1909f56bfc062723c751e8b465ee728b)
Start importing Assets/RPG_FPS_game_assets_industrial/Roads/Road_sets/Road_set_v1/Road_set_v1_s_floor.prefab using Guid(8ec728fea85097b43ad9358333759bfa) Importer(815301076,1909f56bfc062723c751e8b465ee728b)  -> (artifact id: '4cf540625cc4461e8e626fc761bc6478') in 0.010718 seconds 
========================================================================
Received Import Request.
  Time since last request: 0.000018 seconds.
  path: Assets/RPG_FPS_game_assets_industrial/Roads/Road_sets/Road_set_v1/Road_set_v1_s_road_up_1m_HD.prefab
  artifactKey: Guid(33ca2b6a11569324c9e1457108f6fe1f) Importer(815301076,1909f56bfc062723c751e8b465ee728b)
Start importing Assets/RPG_FPS_game_assets_industrial/Roads/Road_sets/Road_set_v1/Road_set_v1_s_road_up_1m_HD.prefab using Guid(33ca2b6a11569324c9e1457108f6fe1f) Importer(815301076,1909f56bfc062723c751e8b465ee728b)  -> (artifact id: '6d2e1633345dc5efb1925525ea107d1d') in 0.013211 seconds 
========================================================================
Received Import Request.
  Time since last request: 0.000020 seconds.
  path: Assets/RPG_FPS_game_assets_industrial/Roads/Road_sets/Road_set_v1/Road_set_v1_road_up_3m_HD.prefab
  artifactKey: Guid(41f73efb13c007844b365ef2a30de3ca) Importer(815301076,1909f56bfc062723c751e8b465ee728b)
Start importing Assets/RPG_FPS_game_assets_industrial/Roads/Road_sets/Road_set_v1/Road_set_v1_road_up_3m_HD.prefab using Guid(41f73efb13c007844b365ef2a30de3ca) Importer(815301076,1909f56bfc062723c751e8b465ee728b)  -> (artifact id: 'a1ba2221b2924854b622c640d174a900') in 0.012530 seconds 
========================================================================
Received Import Request.
  Time since last request: 0.000019 seconds.
  path: Assets/RPG_FPS_game_assets_industrial/Roads/Road_sets/Road_set_v1/Road_set_v1_s_road_up_2m_LD.prefab
  artifactKey: Guid(0ce9133d3dc5fd5478d9e0145a0ea7b6) Importer(815301076,1909f56bfc062723c751e8b465ee728b)
Start importing Assets/RPG_FPS_game_assets_industrial/Roads/Road_sets/Road_set_v1/Road_set_v1_s_road_up_2m_LD.prefab using Guid(0ce9133d3dc5fd5478d9e0145a0ea7b6) Importer(815301076,1909f56bfc062723c751e8b465ee728b)  -> (artifact id: 'e9d4bb2fc4eeaff445ec9eb2fbe868eb') in 0.012417 seconds 
========================================================================
Received Import Request.
  Time since last request: 7.143442 seconds.
  path: Assets/RPG_FPS_game_assets_industrial/Buildings/Industrial/Hangars/Hangar_v1/Hangar_v1_half.prefab
  artifactKey: Guid(96c565084cc73634bb2bb33e2d79d426) Importer(815301076,1909f56bfc062723c751e8b465ee728b)
Start importing Assets/RPG_FPS_game_assets_industrial/Buildings/Industrial/Hangars/Hangar_v1/Hangar_v1_half.prefab using Guid(96c565084cc73634bb2bb33e2d79d426) Importer(815301076,1909f56bfc062723c751e8b465ee728b)  -> (artifact id: 'eb2425a19ef8afc501f14d5605407237') in 0.010442 seconds 
========================================================================
Received Import Request.
  Time since last request: 12.984952 seconds.
  path: Assets/RPG_FPS_game_assets_industrial/Buildings/Industrial/Hangars/Hangar_v1/Source/Hangar_v1.mat
  artifactKey: Guid(aca7f32c011a3e44cb877ccaa92fa086) Importer(815301076,1909f56bfc062723c751e8b465ee728b)
Start importing Assets/RPG_FPS_game_assets_industrial/Buildings/Industrial/Hangars/Hangar_v1/Source/Hangar_v1.mat using Guid(aca7f32c011a3e44cb877ccaa92fa086) Importer(815301076,1909f56bfc062723c751e8b465ee728b)  -> (artifact id: '209d128aafed9bc925f931c2ab9a1ab0') in 0.024130 seconds 
========================================================================
Received Import Request.
  Time since last request: 21.297844 seconds.
  path: Assets/RPG_FPS_game_assets_industrial/Buildings/Industrial/Hangars/Hangar_v2/Hangar_v2_1.prefab
  artifactKey: Guid(8391a5c4218b2f243849f1998c1c41e2) Importer(815301076,1909f56bfc062723c751e8b465ee728b)
Start importing Assets/RPG_FPS_game_assets_industrial/Buildings/Industrial/Hangars/Hangar_v2/Hangar_v2_1.prefab using Guid(8391a5c4218b2f243849f1998c1c41e2) Importer(815301076,1909f56bfc062723c751e8b465ee728b)  -> (artifact id: '9545f5f1193cbdc4b7a0b1c9dad2a1d2') in 0.012250 seconds 
========================================================================
Received Import Request.
  Time since last request: 0.000020 seconds.
  path: Assets/RPG_FPS_game_assets_industrial/Buildings/Industrial/Hangars/Hangar_v2/Hangar_v2_5.prefab
  artifactKey: Guid(b3faa789917d5c74cb7bc3765ff6950c) Importer(815301076,1909f56bfc062723c751e8b465ee728b)
Start importing Assets/RPG_FPS_game_assets_industrial/Buildings/Industrial/Hangars/Hangar_v2/Hangar_v2_5.prefab using Guid(b3faa789917d5c74cb7bc3765ff6950c) Importer(815301076,1909f56bfc062723c751e8b465ee728b)  -> (artifact id: '0a00962b0463d85d147cafff848c4db5') in 0.013473 seconds 
========================================================================
Received Import Request.
  Time since last request: 0.000015 seconds.
  path: Assets/RPG_FPS_game_assets_industrial/Buildings/Industrial/Hangars/Hangar_v2/Hangar_v2_7.prefab
  artifactKey: Guid(d885e290456a887418a2fd556c1b1517) Importer(815301076,1909f56bfc062723c751e8b465ee728b)
Start importing Assets/RPG_FPS_game_assets_industrial/Buildings/Industrial/Hangars/Hangar_v2/Hangar_v2_7.prefab using Guid(d885e290456a887418a2fd556c1b1517) Importer(815301076,1909f56bfc062723c751e8b465ee728b)  -> (artifact id: 'd16f593ff13cdcc70cb30a05b833708f') in 0.019596 seconds 
========================================================================
Received Import Request.
  Time since last request: 0.000021 seconds.
  path: Assets/RPG_FPS_game_assets_industrial/Buildings/Industrial/Hangars/Hangar_v2/Hangar_v2_outbuilding1.prefab
  artifactKey: Guid(85de863b6df462e45a068d7d86850ec2) Importer(815301076,1909f56bfc062723c751e8b465ee728b)
Start importing Assets/RPG_FPS_game_assets_industrial/Buildings/Industrial/Hangars/Hangar_v2/Hangar_v2_outbuilding1.prefab using Guid(85de863b6df462e45a068d7d86850ec2) Importer(815301076,1909f56bfc062723c751e8b465ee728b)  -> (artifact id: 'f2270af3696bcd8428794195da40a85a') in 0.011713 seconds 
Editor requested this worker to shutdown with reason: Scaling down because of idle timeout
AssetImportWorker is now disconnected from the server
Process exiting
Exiting without the bug reporter. Application will terminate with return code 0