Using pre-set license
Built from '2022.3/staging' branch; Version is '2022.3.7f1 (b16b3b16c7a0) revision 11627323'; Using compiler version '192829333'; Build Type 'Release'
OS: 'Windows 10  (10.0.19045) 64bit Education' Language: 'en' Physical Memory: 16111 MB
BatchMode: 1, IsHumanControllingUs: 0, StartBugReporterOnCrash: 0, Is64bit: 1, IsPro: 1

COMMAND LINE ARGUMENTS:
C:\Program Files\Unity\Hub\Editor\2022.3.7f1\Editor\Unity.exe
-adb2
-batchMode
-noUpm
-name
AssetImportWorker11
-projectPath
C:/Users/unatema05/Documents/GitHub/MAGD-372/Level Design
-logFile
Logs/AssetImportWorker11.log
-srvPort
53213
Successfully changed project path to: C:/Users/unatema05/Documents/GitHub/MAGD-372/Level Design
C:/Users/unatema05/Documents/GitHub/MAGD-372/Level Design
[UnityMemory] Configuration Parameters - Can be set up in boot.config
    "memorysetup-bucket-allocator-granularity=16"
    "memorysetup-bucket-allocator-bucket-count=8"
    "memorysetup-bucket-allocator-block-size=33554432"
    "memorysetup-bucket-allocator-block-count=8"
    "memorysetup-main-allocator-block-size=16777216"
    "memorysetup-thread-allocator-block-size=16777216"
    "memorysetup-gfx-main-allocator-block-size=16777216"
    "memorysetup-gfx-thread-allocator-block-size=16777216"
    "memorysetup-cache-allocator-block-size=4194304"
    "memorysetup-typetree-allocator-block-size=2097152"
    "memorysetup-profiler-bucket-allocator-granularity=16"
    "memorysetup-profiler-bucket-allocator-bucket-count=8"
    "memorysetup-profiler-bucket-allocator-block-size=33554432"
    "memorysetup-profiler-bucket-allocator-block-count=8"
    "memorysetup-profiler-allocator-block-size=16777216"
    "memorysetup-profiler-editor-allocator-block-size=1048576"
    "memorysetup-temp-allocator-size-main=16777216"
    "memorysetup-job-temp-allocator-block-size=2097152"
    "memorysetup-job-temp-allocator-block-size-background=1048576"
    "memorysetup-job-temp-allocator-reduction-small-platforms=262144"
    "memorysetup-allocator-temp-initial-block-size-main=262144"
    "memorysetup-allocator-temp-initial-block-size-worker=262144"
    "memorysetup-temp-allocator-size-background-worker=32768"
    "memorysetup-temp-allocator-size-job-worker=262144"
    "memorysetup-temp-allocator-size-preload-manager=33554432"
    "memorysetup-temp-allocator-size-nav-mesh-worker=65536"
    "memorysetup-temp-allocator-size-audio-worker=65536"
    "memorysetup-temp-allocator-size-cloud-worker=32768"
    "memorysetup-temp-allocator-size-gi-baking-worker=262144"
    "memorysetup-temp-allocator-size-gfx=262144"
Player connection [12240] Host "[IP] 140.146.143.179 [Port] 0 [Flags] 2 [Guid] 812994170 [EditorId] 812994170 [Version] 1048832 [Id] WindowsEditor(7,AN1230-17-LP) [Debug] 1 [PackageName] WindowsEditor [ProjectName] Editor" joined multi-casting on [225.0.0.222:54997]...

Player connection [12240] Host "[IP] 140.146.143.179 [Port] 0 [Flags] 2 [Guid] 812994170 [EditorId] 812994170 [Version] 1048832 [Id] WindowsEditor(7,AN1230-17-LP) [Debug] 1 [PackageName] WindowsEditor [ProjectName] Editor" joined alternative multi-casting on [225.0.0.222:34997]...

Refreshing native plugins compatible for Editor in 17.42 ms, found 3 plugins.
Preloading 0 native plugins for Editor in 0.00 ms.
Initialize engine version: 2022.3.7f1 (b16b3b16c7a0)
[Subsystems] Discovering subsystems at path C:/Program Files/Unity/Hub/Editor/2022.3.7f1/Editor/Data/Resources/UnitySubsystems
[Subsystems] Discovering subsystems at path C:/Users/unatema05/Documents/GitHub/MAGD-372/Level Design/Assets
GfxDevice: creating device client; threaded=0; jobified=0
Direct3D:
    Version:  Direct3D 11.0 [level 11.1]
    Renderer: NVIDIA Quadro RTX 4000 (ID=0x1eb1)
    Vendor:   NVIDIA
    VRAM:     8019 MB
    Driver:   31.0.15.1625
Initialize mono
Mono path[0] = 'C:/Program Files/Unity/Hub/Editor/2022.3.7f1/Editor/Data/Managed'
Mono path[1] = 'C:/Program Files/Unity/Hub/Editor/2022.3.7f1/Editor/Data/MonoBleedingEdge/lib/mono/unityjit-win32'
Mono config path = 'C:/Program Files/Unity/Hub/Editor/2022.3.7f1/Editor/Data/MonoBleedingEdge/etc'
Using monoOptions --debugger-agent=transport=dt_socket,embedding=1,server=y,suspend=n,address=127.0.0.1:56352
Begin MonoManager ReloadAssembly
Registering precompiled unity dll's ...
Register platform support module: C:/Program Files/Unity/Hub/Editor/2022.3.7f1/Editor/Data/PlaybackEngines/WebGLSupport/UnityEditor.WebGL.Extensions.dll
Register platform support module: C:/Program Files/Unity/Hub/Editor/2022.3.7f1/Editor/Data/PlaybackEngines/MacStandaloneSupport/UnityEditor.OSXStandalone.Extensions.dll
Register platform support module: C:/Program Files/Unity/Hub/Editor/2022.3.7f1/Editor/Data/PlaybackEngines/AndroidPlayer/UnityEditor.Android.Extensions.dll
Register platform support module: C:/Program Files/Unity/Hub/Editor/2022.3.7f1/Editor/Data/PlaybackEngines/iOSSupport/UnityEditor.iOS.Extensions.dll
Register platform support module: C:/Program Files/Unity/Hub/Editor/2022.3.7f1/Editor/Data/PlaybackEngines/AppleTVSupport/UnityEditor.AppleTV.Extensions.dll
Register platform support module: C:/Program Files/Unity/Hub/Editor/2022.3.7f1/Editor/Data/PlaybackEngines/WindowsStandaloneSupport/UnityEditor.WindowsStandalone.Extensions.dll
Register platform support module: C:/Program Files/Unity/Hub/Editor/2022.3.7f1/Editor/Data/PlaybackEngines/LinuxStandaloneSupport/UnityEditor.LinuxStandalone.Extensions.dll
Register platform support module: C:/Program Files/Unity/Hub/Editor/2022.3.7f1/Editor/Data/PlaybackEngines/MetroSupport/UnityEditor.UWP.Extensions.dll
Registered in 0.039140 seconds.
- Loaded All Assemblies, in  0.634 seconds
Native extension for UWP target not found
Native extension for LinuxStandalone target not found
Native extension for WindowsStandalone target not found
[usbmuxd] Start listen thread
[usbmuxd] Listen thread started
Native extension for AppleTV target not found
[usbmuxd] Start listen thread
[usbmuxd] Listen thread started
Native extension for iOS target not found
Native extension for Android target not found
Android Extension - Scanning For ADB Devices 370 ms
Native extension for OSXStandalone target not found
Native extension for WebGL target not found
Mono: successfully reloaded assembly
- Finished resetting the current domain, in  0.841 seconds
Domain Reload Profiling: 1472ms
	BeginReloadAssembly (167ms)
		ExecutionOrderSort (0ms)
		DisableScriptedObjects (0ms)
		BackupInstance (0ms)
		ReleaseScriptingObjects (0ms)
		CreateAndSetChildDomain (1ms)
	RebuildCommonClasses (58ms)
	RebuildNativeTypeToScriptingClass (17ms)
	initialDomainReloadingComplete (122ms)
	LoadAllAssembliesAndSetupDomain (266ms)
		LoadAssemblies (165ms)
		RebuildTransferFunctionScriptingTraits (0ms)
		AnalyzeDomain (260ms)
			TypeCache.Refresh (258ms)
				TypeCache.ScanAssembly (232ms)
			ScanForSourceGeneratedMonoScriptInfo (1ms)
			ResolveRequiredComponents (1ms)
	FinalizeReload (841ms)
		ReleaseScriptCaches (0ms)
		RebuildScriptCaches (0ms)
		SetupLoadedEditorAssemblies (752ms)
			LogAssemblyErrors (0ms)
			InitializePlatformSupportModulesInManaged (595ms)
			SetLoadedEditorAssemblies (4ms)
			RefreshPlugins (0ms)
			BeforeProcessingInitializeOnLoad (2ms)
			ProcessInitializeOnLoadAttributes (102ms)
			ProcessInitializeOnLoadMethodAttributes (48ms)
			AfterProcessingInitializeOnLoad (0ms)
			EditorAssembliesLoaded (0ms)
		ExecutionOrderSort2 (0ms)
		AwakeInstancesAfterBackupRestoration (0ms)
========================================================================
Worker process is ready to serve import requests
Begin MonoManager ReloadAssembly
Symbol file LoadedFromMemory doesn't match image C:\Users\unatema05\Documents\GitHub\MAGD-372\Level Design\Library\PackageCache\com.unity.visualscripting@1.8.0\Editor\VisualScripting.Core\Dependencies\YamlDotNet\Unity.VisualScripting.YamlDotNet.dll
Symbol file LoadedFromMemory doesn't match image C:\Users\unatema05\Documents\GitHub\MAGD-372\Level Design\Library\PackageCache\com.unity.visualscripting@1.8.0\Editor\VisualScripting.Core\Dependencies\DotNetZip\Unity.VisualScripting.IonicZip.dll
- Loaded All Assemblies, in  0.738 seconds
Refreshing native plugins compatible for Editor in 3.63 ms, found 3 plugins.
Native extension for UWP target not found
Native extension for LinuxStandalone target not found
Native extension for WindowsStandalone target not found
Native extension for AppleTV target not found
Native extension for iOS target not found
Native extension for Android target not found
Native extension for OSXStandalone target not found
Native extension for WebGL target not found
Mono: successfully reloaded assembly
- Finished resetting the current domain, in  0.563 seconds
Domain Reload Profiling: 1298ms
	BeginReloadAssembly (169ms)
		ExecutionOrderSort (0ms)
		DisableScriptedObjects (5ms)
		BackupInstance (0ms)
		ReleaseScriptingObjects (0ms)
		CreateAndSetChildDomain (27ms)
	RebuildCommonClasses (34ms)
	RebuildNativeTypeToScriptingClass (11ms)
	initialDomainReloadingComplete (41ms)
	LoadAllAssembliesAndSetupDomain (478ms)
		LoadAssemblies (365ms)
		RebuildTransferFunctionScriptingTraits (0ms)
		AnalyzeDomain (212ms)
			TypeCache.Refresh (186ms)
				TypeCache.ScanAssembly (167ms)
			ScanForSourceGeneratedMonoScriptInfo (20ms)
			ResolveRequiredComponents (5ms)
	FinalizeReload (564ms)
		ReleaseScriptCaches (0ms)
		RebuildScriptCaches (0ms)
		SetupLoadedEditorAssemblies (395ms)
			LogAssemblyErrors (0ms)
			InitializePlatformSupportModulesInManaged (55ms)
			SetLoadedEditorAssemblies (4ms)
			RefreshPlugins (0ms)
			BeforeProcessingInitializeOnLoad (68ms)
			ProcessInitializeOnLoadAttributes (240ms)
			ProcessInitializeOnLoadMethodAttributes (19ms)
			AfterProcessingInitializeOnLoad (9ms)
			EditorAssembliesLoaded (0ms)
		ExecutionOrderSort2 (0ms)
		AwakeInstancesAfterBackupRestoration (9ms)
Launched and connected shader compiler UnityShaderCompiler.exe after 0.15 seconds
Refreshing native plugins compatible for Editor in 3.51 ms, found 3 plugins.
Preloading 0 native plugins for Editor in 0.00 ms.
Unloading 3122 Unused Serialized files (Serialized files now loaded: 0)
Unloading 31 unused Assets / (56.3 KB). Loaded Objects now: 3594.
Memory consumption went from 123.0 MB to 122.9 MB.
Total: 3.524500 ms (FindLiveObjects: 0.306600 ms CreateObjectMapping: 0.185800 ms MarkObjects: 2.922100 ms  DeleteObjects: 0.109100 ms)

AssetImportParameters requested are different than current active one (requested -> active):
  custom:container-demuxer-ogg: 62fdf1f143b41e24485cea50d1cbac27 -> 
  custom:video-decoder-ogg-theora: a1e56fd34408186e4bbccfd4996cb3dc -> 
  custom:framework-win-MediaFoundation: 216162199b28c13a410421893ffa2e32 -> 
  custom:CustomObjectIndexerAttribute: 756ad292c208cfabdd7b50bc23989ffe -> 
  custom:container-demuxer-webm: 4f35f7cbe854078d1ac9338744f61a02 -> 
  custom:container-muxer-webm: aa71ff27fc2769a1b78a27578f13a17b -> 
  custom:video-decoder-webm-vp8: 9c59270c3fd7afecdb556c50c9e8de78 -> 
  custom:SearchIndexIgnoredProperties: e643bd26f0fe6173181afceb89e7c659 -> 
  custom:AudioImporter_EditorPlatform: d09bf68614088b80899f8185d706f6e7 -> 
  custom:video-encoder-webm-vp8: eb34c28f22e8b96e1ab97ce403110664 -> 
  custom:audio-decoder-ogg-vorbis: bf7c407c2cedff20999df2af8eb42d56 -> 
  custom:audio-encoder-webm-vorbis: bf7c407c2cedff20999df2af8eb42d56 -> 
========================================================================
Received Import Request.
  Time since last request: 31234.857455 seconds.
  path: Assets/Models pack psx/Texture/Branch_01.png
  artifactKey: Guid(a4af54e0e2fe8e949976ec8f3c91a2a2) Importer(815301076,1909f56bfc062723c751e8b465ee728b)
Start importing Assets/Models pack psx/Texture/Branch_01.png using Guid(a4af54e0e2fe8e949976ec8f3c91a2a2) Importer(815301076,1909f56bfc062723c751e8b465ee728b)  -> (artifact id: '25273526057fa89dbcf8cc5dfac64966') in 0.061853 seconds
Number of updated asset objects reloaded before import = 0
Number of asset objects unloaded after import = 2
========================================================================
Received Import Request.
  Time since last request: 62.841609 seconds.
  path: Assets/Models pack psx/Texture/Branch_01.png
  artifactKey: Guid(a4af54e0e2fe8e949976ec8f3c91a2a2) Importer(815301076,1909f56bfc062723c751e8b465ee728b)
Start importing Assets/Models pack psx/Texture/Branch_01.png using Guid(a4af54e0e2fe8e949976ec8f3c91a2a2) Importer(815301076,1909f56bfc062723c751e8b465ee728b)  -> (artifact id: '4656d168f6809a9b9f8cbda8a061cda6') in 0.029336 seconds
Number of updated asset objects reloaded before import = 0
Number of asset objects unloaded after import = 2
========================================================================
Received Import Request.
  Time since last request: 110.010122 seconds.
  path: Assets/Models pack psx/Texture/Branch_01.png
  artifactKey: Guid(a4af54e0e2fe8e949976ec8f3c91a2a2) Importer(815301076,1909f56bfc062723c751e8b465ee728b)
Start importing Assets/Models pack psx/Texture/Branch_01.png using Guid(a4af54e0e2fe8e949976ec8f3c91a2a2) Importer(815301076,1909f56bfc062723c751e8b465ee728b)  -> (artifact id: '5937027a4b179602c0b29aadbec4bebd') in 0.076981 seconds
Number of updated asset objects reloaded before import = 0
Number of asset objects unloaded after import = 3
========================================================================
Received Import Request.
  Time since last request: 8.855454 seconds.
  path: Assets/Models pack psx/Texture/Branch_01.png
  artifactKey: Guid(a4af54e0e2fe8e949976ec8f3c91a2a2) Importer(815301076,1909f56bfc062723c751e8b465ee728b)
Start importing Assets/Models pack psx/Texture/Branch_01.png using Guid(a4af54e0e2fe8e949976ec8f3c91a2a2) Importer(815301076,1909f56bfc062723c751e8b465ee728b)  -> (artifact id: '199ecb1007ac2ba0d413d053fdbd1d4d') in 0.022023 seconds
Number of updated asset objects reloaded before import = 0
Number of asset objects unloaded after import = 2
========================================================================
Received Import Request.
  Time since last request: 65.547819 seconds.
  path: Assets/Models pack psx/Texture/Branch_02.png
  artifactKey: Guid(806f0bf8e87ffd840bd3202c69a1b587) Importer(815301076,1909f56bfc062723c751e8b465ee728b)
Start importing Assets/Models pack psx/Texture/Branch_02.png using Guid(806f0bf8e87ffd840bd3202c69a1b587) Importer(815301076,1909f56bfc062723c751e8b465ee728b)  -> (artifact id: 'df3d0f91f600413d5fddd7be2a81ce28') in 0.039801 seconds
Number of updated asset objects reloaded before import = 0
Number of asset objects unloaded after import = 2
========================================================================
Received Import Request.
  Time since last request: 23.957104 seconds.
  path: Assets/Models pack psx/Texture/Branch_02.png
  artifactKey: Guid(806f0bf8e87ffd840bd3202c69a1b587) Importer(815301076,1909f56bfc062723c751e8b465ee728b)
Start importing Assets/Models pack psx/Texture/Branch_02.png using Guid(806f0bf8e87ffd840bd3202c69a1b587) Importer(815301076,1909f56bfc062723c751e8b465ee728b)  -> (artifact id: 'e6d9d484a7d26bfff1549bfca4f660f7') in 0.020611 seconds
Number of updated asset objects reloaded before import = 0
Number of asset objects unloaded after import = 2
========================================================================
Received Import Request.
  Time since last request: 45.799363 seconds.
  path: Assets/Models pack psx/Texture/Branch_02.png
  artifactKey: Guid(806f0bf8e87ffd840bd3202c69a1b587) Importer(815301076,1909f56bfc062723c751e8b465ee728b)
Start importing Assets/Models pack psx/Texture/Branch_02.png using Guid(806f0bf8e87ffd840bd3202c69a1b587) Importer(815301076,1909f56bfc062723c751e8b465ee728b)  -> (artifact id: '20520ccbae12bef10a8596b31f3fdf5c') in 0.025800 seconds
Number of updated asset objects reloaded before import = 0
Number of asset objects unloaded after import = 2
========================================================================
Received Import Request.
  Time since last request: 39.508029 seconds.
  path: Assets/Models pack psx/Texture/Branch_02.png
  artifactKey: Guid(806f0bf8e87ffd840bd3202c69a1b587) Importer(815301076,1909f56bfc062723c751e8b465ee728b)
Start importing Assets/Models pack psx/Texture/Branch_02.png using Guid(806f0bf8e87ffd840bd3202c69a1b587) Importer(815301076,1909f56bfc062723c751e8b465ee728b)  -> (artifact id: '078e5c09840a06fc41b5b3ae9cdea3e0') in 0.028412 seconds
Number of updated asset objects reloaded before import = 0
Number of asset objects unloaded after import = 2
========================================================================
Received Import Request.
  Time since last request: 6.092815 seconds.
  path: Assets/Models pack psx/Texture/Branch_02.png
  artifactKey: Guid(806f0bf8e87ffd840bd3202c69a1b587) Importer(815301076,1909f56bfc062723c751e8b465ee728b)
Start importing Assets/Models pack psx/Texture/Branch_02.png using Guid(806f0bf8e87ffd840bd3202c69a1b587) Importer(815301076,1909f56bfc062723c751e8b465ee728b)  -> (artifact id: '230ff3da9d691fdccbfd7b0b84a95614') in 0.020183 seconds
Number of updated asset objects reloaded before import = 0
Number of asset objects unloaded after import = 2
========================================================================
Received Import Request.
  Time since last request: 23.240893 seconds.
  path: Assets/Models pack psx/Texture/Branch_02.png
  artifactKey: Guid(806f0bf8e87ffd840bd3202c69a1b587) Importer(815301076,1909f56bfc062723c751e8b465ee728b)
Start importing Assets/Models pack psx/Texture/Branch_02.png using Guid(806f0bf8e87ffd840bd3202c69a1b587) Importer(815301076,1909f56bfc062723c751e8b465ee728b)  -> (artifact id: 'd85ff99379fbbfb337bad805592f6096') in 0.045182 seconds
Number of updated asset objects reloaded before import = 0
Number of asset objects unloaded after import = 3
========================================================================
Received Import Request.
  Time since last request: 8.225870 seconds.
  path: Assets/Models pack psx/Texture/Branch_02.png
  artifactKey: Guid(806f0bf8e87ffd840bd3202c69a1b587) Importer(815301076,1909f56bfc062723c751e8b465ee728b)
Start importing Assets/Models pack psx/Texture/Branch_02.png using Guid(806f0bf8e87ffd840bd3202c69a1b587) Importer(815301076,1909f56bfc062723c751e8b465ee728b)  -> (artifact id: '0ee0327f04e21dbb7254cc1a3b50c4ac') in 0.041039 seconds
Number of updated asset objects reloaded before import = 0
Number of asset objects unloaded after import = 2
========================================================================
Received Import Request.
  Time since last request: 6.048166 seconds.
  path: Assets/Models pack psx/Texture/Branch_02.png
  artifactKey: Guid(806f0bf8e87ffd840bd3202c69a1b587) Importer(815301076,1909f56bfc062723c751e8b465ee728b)
Start importing Assets/Models pack psx/Texture/Branch_02.png using Guid(806f0bf8e87ffd840bd3202c69a1b587) Importer(815301076,1909f56bfc062723c751e8b465ee728b)  -> (artifact id: '64404d185a53de4da071455e7005fe8d') in 0.034271 seconds
Number of updated asset objects reloaded before import = 0
Number of asset objects unloaded after import = 2
========================================================================
Received Import Request.
  Time since last request: 51.118433 seconds.
  path: Assets/Models pack psx/Texture/Branch_02.png
  artifactKey: Guid(806f0bf8e87ffd840bd3202c69a1b587) Importer(815301076,1909f56bfc062723c751e8b465ee728b)
Start importing Assets/Models pack psx/Texture/Branch_02.png using Guid(806f0bf8e87ffd840bd3202c69a1b587) Importer(815301076,1909f56bfc062723c751e8b465ee728b)  -> (artifact id: 'b5072ef6c1cc9b179693713648591def') in 0.023746 seconds
Number of updated asset objects reloaded before import = 0
Number of asset objects unloaded after import = 3
========================================================================
Received Import Request.
  Time since last request: 19.041391 seconds.
  path: Assets/Models pack psx/Texture/Branch_02.png
  artifactKey: Guid(806f0bf8e87ffd840bd3202c69a1b587) Importer(815301076,1909f56bfc062723c751e8b465ee728b)
Start importing Assets/Models pack psx/Texture/Branch_02.png using Guid(806f0bf8e87ffd840bd3202c69a1b587) Importer(815301076,1909f56bfc062723c751e8b465ee728b)  -> (artifact id: '6ebbb3f6a82ced8eed794539241ca403') in 0.049238 seconds
Number of updated asset objects reloaded before import = 0
Number of asset objects unloaded after import = 3
========================================================================
Received Import Request.
  Time since last request: 12.968677 seconds.
  path: Assets/Models pack psx/Texture/Branch_02.png
  artifactKey: Guid(806f0bf8e87ffd840bd3202c69a1b587) Importer(815301076,1909f56bfc062723c751e8b465ee728b)
Start importing Assets/Models pack psx/Texture/Branch_02.png using Guid(806f0bf8e87ffd840bd3202c69a1b587) Importer(815301076,1909f56bfc062723c751e8b465ee728b)  -> (artifact id: 'd31cfabec8fe4fb8f3b6190e7fef92d5') in 0.045921 seconds
Number of updated asset objects reloaded before import = 0
Number of asset objects unloaded after import = 3
========================================================================
Received Import Request.
  Time since last request: 8.041302 seconds.
  path: Assets/Models pack psx/Texture/Branch_02.png
  artifactKey: Guid(806f0bf8e87ffd840bd3202c69a1b587) Importer(815301076,1909f56bfc062723c751e8b465ee728b)
Start importing Assets/Models pack psx/Texture/Branch_02.png using Guid(806f0bf8e87ffd840bd3202c69a1b587) Importer(815301076,1909f56bfc062723c751e8b465ee728b)  -> (artifact id: '7944343515c47cfe7a19406682510510') in 0.055028 seconds
Number of updated asset objects reloaded before import = 0
Number of asset objects unloaded after import = 3
========================================================================
Received Import Request.
  Time since last request: 10.727141 seconds.
  path: Assets/Models pack psx/Texture/Branch_02.png
  artifactKey: Guid(806f0bf8e87ffd840bd3202c69a1b587) Importer(815301076,1909f56bfc062723c751e8b465ee728b)
Start importing Assets/Models pack psx/Texture/Branch_02.png using Guid(806f0bf8e87ffd840bd3202c69a1b587) Importer(815301076,1909f56bfc062723c751e8b465ee728b)  -> (artifact id: '78284643a66773c95a6f2989d918a446') in 0.023895 seconds
Number of updated asset objects reloaded before import = 0
Number of asset objects unloaded after import = 3
========================================================================
Received Import Request.
  Time since last request: 19.601574 seconds.
  path: Assets/Models pack psx/Texture/Branch_02.png
  artifactKey: Guid(806f0bf8e87ffd840bd3202c69a1b587) Importer(815301076,1909f56bfc062723c751e8b465ee728b)
Start importing Assets/Models pack psx/Texture/Branch_02.png using Guid(806f0bf8e87ffd840bd3202c69a1b587) Importer(815301076,1909f56bfc062723c751e8b465ee728b)  -> (artifact id: 'a2367b28473c88a83f69c0462ee7f9fb') in 0.052258 seconds
Number of updated asset objects reloaded before import = 0
Number of asset objects unloaded after import = 3
========================================================================
Received Import Request.
  Time since last request: 19.726316 seconds.
  path: Assets/Models pack psx/Texture/Branch_02.png
  artifactKey: Guid(806f0bf8e87ffd840bd3202c69a1b587) Importer(815301076,1909f56bfc062723c751e8b465ee728b)
Start importing Assets/Models pack psx/Texture/Branch_02.png using Guid(806f0bf8e87ffd840bd3202c69a1b587) Importer(815301076,1909f56bfc062723c751e8b465ee728b)  -> (artifact id: '8104e1a3fb04887ef73c8764d6ce0e55') in 0.028958 seconds
Number of updated asset objects reloaded before import = 0
Number of asset objects unloaded after import = 2
========================================================================
Received Import Request.
  Time since last request: 4.905403 seconds.
  path: Assets/Models pack psx/Texture/Branch_02.png
  artifactKey: Guid(806f0bf8e87ffd840bd3202c69a1b587) Importer(815301076,1909f56bfc062723c751e8b465ee728b)
Start importing Assets/Models pack psx/Texture/Branch_02.png using Guid(806f0bf8e87ffd840bd3202c69a1b587) Importer(815301076,1909f56bfc062723c751e8b465ee728b)  -> (artifact id: 'a8e13224169c3619069ae82269061d88') in 0.039057 seconds
Number of updated asset objects reloaded before import = 0
Number of asset objects unloaded after import = 2
========================================================================
Received Import Request.
  Time since last request: 88.832608 seconds.
  path: Assets/Models pack psx/Texture/Tree.png
  artifactKey: Guid(9344e0ab6a37a824b9b0be3e0b1c0a50) Importer(815301076,1909f56bfc062723c751e8b465ee728b)
Start importing Assets/Models pack psx/Texture/Tree.png using Guid(9344e0ab6a37a824b9b0be3e0b1c0a50) Importer(815301076,1909f56bfc062723c751e8b465ee728b)  -> (artifact id: 'deeabc6e5443558d4c0fa51d7fca8336') in 0.028521 seconds
Number of updated asset objects reloaded before import = 0
Number of asset objects unloaded after import = 2
========================================================================
Received Import Request.
  Time since last request: 0.000025 seconds.
  path: Assets/Models pack psx/Texture/Wood_01.jpg
  artifactKey: Guid(76d53a322a0da11429c98394a6353093) Importer(815301076,1909f56bfc062723c751e8b465ee728b)
Start importing Assets/Models pack psx/Texture/Wood_01.jpg using Guid(76d53a322a0da11429c98394a6353093) Importer(815301076,1909f56bfc062723c751e8b465ee728b)  -> (artifact id: '76f36d89f66d5c8031b634e335b06a58') in 0.050690 seconds
Number of updated asset objects reloaded before import = 0
Number of asset objects unloaded after import = 2
========================================================================
Received Import Request.
  Time since last request: 0.000022 seconds.
  path: Assets/Models pack psx/Texture/Wood_03.jpg
  artifactKey: Guid(91279ed8f008e5049926354713c4aa5a) Importer(815301076,1909f56bfc062723c751e8b465ee728b)
Start importing Assets/Models pack psx/Texture/Wood_03.jpg using Guid(91279ed8f008e5049926354713c4aa5a) Importer(815301076,1909f56bfc062723c751e8b465ee728b)  -> (artifact id: '4a5cfeb80f5aaff01d21874153f981df') in 0.026383 seconds
Number of updated asset objects reloaded before import = 0
Number of asset objects unloaded after import = 2
========================================================================
Received Import Request.
  Time since last request: 0.000027 seconds.
  path: Assets/Models pack psx/Texture/Wood_05.jpg
  artifactKey: Guid(c52eee217f93b624ca6cd024b31df47e) Importer(815301076,1909f56bfc062723c751e8b465ee728b)
Start importing Assets/Models pack psx/Texture/Wood_05.jpg using Guid(c52eee217f93b624ca6cd024b31df47e) Importer(815301076,1909f56bfc062723c751e8b465ee728b)  -> (artifact id: '020c2bfdf8bed30dee7434d83f195fc9') in 0.030112 seconds
Number of updated asset objects reloaded before import = 0
Number of asset objects unloaded after import = 2
========================================================================
Received Import Request.
  Time since last request: 0.000029 seconds.
  path: Assets/Models pack psx/Texture/Wood_09.jpg
  artifactKey: Guid(6eb3b03f58ab5a043b49673ff1913ecf) Importer(815301076,1909f56bfc062723c751e8b465ee728b)
Start importing Assets/Models pack psx/Texture/Wood_09.jpg using Guid(6eb3b03f58ab5a043b49673ff1913ecf) Importer(815301076,1909f56bfc062723c751e8b465ee728b)  -> (artifact id: 'a7a75ea85db979996693d5ec763a7384') in 0.027227 seconds
Number of updated asset objects reloaded before import = 0
Number of asset objects unloaded after import = 2
========================================================================
Received Import Request.
  Time since last request: 0.000034 seconds.
  path: Assets/Models pack psx/Texture/TV_03.jpg
  artifactKey: Guid(6bc848c375f6af44dbfbc7b80aebe2ef) Importer(815301076,1909f56bfc062723c751e8b465ee728b)
Start importing Assets/Models pack psx/Texture/TV_03.jpg using Guid(6bc848c375f6af44dbfbc7b80aebe2ef) Importer(815301076,1909f56bfc062723c751e8b465ee728b)  -> (artifact id: '9acc404a227ff63d972910b859445ea4') in 0.027173 seconds
Number of updated asset objects reloaded before import = 0
Number of asset objects unloaded after import = 2
========================================================================
Received Import Request.
  Time since last request: 0.000039 seconds.
  path: Assets/Models pack psx/Texture/Wood_13.jpg
  artifactKey: Guid(afeb49b655c41744b90b5093610657ed) Importer(815301076,1909f56bfc062723c751e8b465ee728b)
Start importing Assets/Models pack psx/Texture/Wood_13.jpg using Guid(afeb49b655c41744b90b5093610657ed) Importer(815301076,1909f56bfc062723c751e8b465ee728b)  -> (artifact id: '4faaa54415f34ea4a518610b03873168') in 0.024421 seconds
Number of updated asset objects reloaded before import = 0
Number of asset objects unloaded after import = 2
========================================================================
Received Import Request.
  Time since last request: 0.000124 seconds.
  path: Assets/Models pack psx/Texture/Wire.png
  artifactKey: Guid(c67285d1f3b86884ab87f6a458edea7c) Importer(815301076,1909f56bfc062723c751e8b465ee728b)
Start importing Assets/Models pack psx/Texture/Wire.png using Guid(c67285d1f3b86884ab87f6a458edea7c) Importer(815301076,1909f56bfc062723c751e8b465ee728b)  -> (artifact id: '976fffeb17c905f53ef912b00f7c4b0b') in 0.028216 seconds
Number of updated asset objects reloaded before import = 0
Number of asset objects unloaded after import = 2
========================================================================
Received Import Request.
  Time since last request: 0.000044 seconds.
  path: Assets/Models pack psx/Texture/Wire2.png
  artifactKey: Guid(b7982ce948993b14db08e9c82c57091d) Importer(815301076,1909f56bfc062723c751e8b465ee728b)
Start importing Assets/Models pack psx/Texture/Wire2.png using Guid(b7982ce948993b14db08e9c82c57091d) Importer(815301076,1909f56bfc062723c751e8b465ee728b)  -> (artifact id: '6cf8aed73b1a7e62f9e21d865cd3427a') in 0.027754 seconds
Number of updated asset objects reloaded before import = 0
Number of asset objects unloaded after import = 2
========================================================================
Received Import Request.
  Time since last request: 0.000036 seconds.
  path: Assets/Models pack psx/Texture/TV_05.jpg
  artifactKey: Guid(a8899752f41bd4848901345f48bede9a) Importer(815301076,1909f56bfc062723c751e8b465ee728b)
Start importing Assets/Models pack psx/Texture/TV_05.jpg using Guid(a8899752f41bd4848901345f48bede9a) Importer(815301076,1909f56bfc062723c751e8b465ee728b)  -> (artifact id: 'd92880a38c40b2a70f12001371787984') in 0.026416 seconds
Number of updated asset objects reloaded before import = 0
Number of asset objects unloaded after import = 2
========================================================================
Received Import Request.
  Time since last request: 0.000026 seconds.
  path: Assets/Models pack psx/Texture/Wood_04.jpg
  artifactKey: Guid(4da6edb6b06f0ce429a7bf0d81580add) Importer(815301076,1909f56bfc062723c751e8b465ee728b)
Start importing Assets/Models pack psx/Texture/Wood_04.jpg using Guid(4da6edb6b06f0ce429a7bf0d81580add) Importer(815301076,1909f56bfc062723c751e8b465ee728b)  -> (artifact id: '22c5f5ab46dbb050d07cbf542bdb078e') in 0.027122 seconds
Number of updated asset objects reloaded before import = 0
Number of asset objects unloaded after import = 2
========================================================================
Received Import Request.
  Time since last request: 0.000034 seconds.
  path: Assets/Models pack psx/Texture/Wood_14.jpg
  artifactKey: Guid(b3d75a29f2346e546a951ad230bdca16) Importer(815301076,1909f56bfc062723c751e8b465ee728b)
Start importing Assets/Models pack psx/Texture/Wood_14.jpg using Guid(b3d75a29f2346e546a951ad230bdca16) Importer(815301076,1909f56bfc062723c751e8b465ee728b)  -> (artifact id: '7c5173cf2db2d6d1706cfc4a7f357d01') in 0.029305 seconds
Number of updated asset objects reloaded before import = 0
Number of asset objects unloaded after import = 2
========================================================================
Received Import Request.
  Time since last request: 0.000026 seconds.
  path: Assets/Models pack psx/Texture/Wood.jpg
  artifactKey: Guid(40f22b67d9c826043b6936914a66b175) Importer(815301076,1909f56bfc062723c751e8b465ee728b)
Start importing Assets/Models pack psx/Texture/Wood.jpg using Guid(40f22b67d9c826043b6936914a66b175) Importer(815301076,1909f56bfc062723c751e8b465ee728b)  -> (artifact id: 'e1631ff60557e506c0b277d3bc5b8ee2') in 0.028781 seconds
Number of updated asset objects reloaded before import = 0
Number of asset objects unloaded after import = 2
========================================================================
Received Import Request.
  Time since last request: 0.000027 seconds.
  path: Assets/Models pack psx/Texture/Wire3.png
  artifactKey: Guid(bdb18f961abcf90458039beb0704efa1) Importer(815301076,1909f56bfc062723c751e8b465ee728b)
Start importing Assets/Models pack psx/Texture/Wire3.png using Guid(bdb18f961abcf90458039beb0704efa1) Importer(815301076,1909f56bfc062723c751e8b465ee728b)  -> (artifact id: 'b55a531835928588205e74935c13d254') in 0.024737 seconds
Number of updated asset objects reloaded before import = 0
Number of asset objects unloaded after import = 2
========================================================================
Received Import Request.
  Time since last request: 15.700803 seconds.
  path: Assets/Models pack psx/Texture/Branch_02.png
  artifactKey: Guid(806f0bf8e87ffd840bd3202c69a1b587) Importer(815301076,1909f56bfc062723c751e8b465ee728b)
Start importing Assets/Models pack psx/Texture/Branch_02.png using Guid(806f0bf8e87ffd840bd3202c69a1b587) Importer(815301076,1909f56bfc062723c751e8b465ee728b)  -> (artifact id: 'f3ad99d36ced7043aaef2c7d323258e6') in 0.038144 seconds
Number of updated asset objects reloaded before import = 0
Number of asset objects unloaded after import = 2
========================================================================
Received Import Request.
  Time since last request: 32.448266 seconds.
  path: Assets/Models pack psx/Texture/Branch_02.png
  artifactKey: Guid(806f0bf8e87ffd840bd3202c69a1b587) Importer(815301076,1909f56bfc062723c751e8b465ee728b)
Start importing Assets/Models pack psx/Texture/Branch_02.png using Guid(806f0bf8e87ffd840bd3202c69a1b587) Importer(815301076,1909f56bfc062723c751e8b465ee728b)  -> (artifact id: '1a4bdbea7f665e01b6d5cfab37594c8c') in 0.040058 seconds
Number of updated asset objects reloaded before import = 0
Number of asset objects unloaded after import = 3
========================================================================
Received Import Request.
  Time since last request: 15.656115 seconds.
  path: Assets/Models pack psx/Texture/Branch_02.png
  artifactKey: Guid(806f0bf8e87ffd840bd3202c69a1b587) Importer(815301076,1909f56bfc062723c751e8b465ee728b)
Start importing Assets/Models pack psx/Texture/Branch_02.png using Guid(806f0bf8e87ffd840bd3202c69a1b587) Importer(815301076,1909f56bfc062723c751e8b465ee728b)  -> (artifact id: 'ec1ce05992431e0363750fa36ffe6c38') in 0.038019 seconds
Number of updated asset objects reloaded before import = 0
Number of asset objects unloaded after import = 3
========================================================================
Received Import Request.
  Time since last request: 5.489352 seconds.
  path: Assets/Models pack psx/Texture/Branch_02.png
  artifactKey: Guid(806f0bf8e87ffd840bd3202c69a1b587) Importer(815301076,1909f56bfc062723c751e8b465ee728b)
Start importing Assets/Models pack psx/Texture/Branch_02.png using Guid(806f0bf8e87ffd840bd3202c69a1b587) Importer(815301076,1909f56bfc062723c751e8b465ee728b)  -> (artifact id: 'f6f29219f7713f0a9859429a8aeef20f') in 0.022925 seconds
Number of updated asset objects reloaded before import = 0
Number of asset objects unloaded after import = 3
========================================================================
Received Import Request.
  Time since last request: 8.089428 seconds.
  path: Assets/Models pack psx/Texture/Branch_02.png
  artifactKey: Guid(806f0bf8e87ffd840bd3202c69a1b587) Importer(815301076,1909f56bfc062723c751e8b465ee728b)
Start importing Assets/Models pack psx/Texture/Branch_02.png using Guid(806f0bf8e87ffd840bd3202c69a1b587) Importer(815301076,1909f56bfc062723c751e8b465ee728b)  -> (artifact id: '1722a4e78bd127cadee8cc23b6c2143a') in 0.031473 seconds
Number of updated asset objects reloaded before import = 0
Number of asset objects unloaded after import = 3
========================================================================
Received Import Request.
  Time since last request: 16.141956 seconds.
  path: Assets/Models pack psx/Texture/Branch_02.png
  artifactKey: Guid(806f0bf8e87ffd840bd3202c69a1b587) Importer(815301076,1909f56bfc062723c751e8b465ee728b)
Start importing Assets/Models pack psx/Texture/Branch_02.png using Guid(806f0bf8e87ffd840bd3202c69a1b587) Importer(815301076,1909f56bfc062723c751e8b465ee728b)  -> (artifact id: '3522543e2eaedcba5761b8f288025c58') in 0.057150 seconds
Number of updated asset objects reloaded before import = 0
Number of asset objects unloaded after import = 3
========================================================================
Received Import Request.
  Time since last request: 11.370592 seconds.
  path: Assets/Models pack psx/Texture/Branch_02.png
  artifactKey: Guid(806f0bf8e87ffd840bd3202c69a1b587) Importer(815301076,1909f56bfc062723c751e8b465ee728b)
Start importing Assets/Models pack psx/Texture/Branch_02.png using Guid(806f0bf8e87ffd840bd3202c69a1b587) Importer(815301076,1909f56bfc062723c751e8b465ee728b)  -> (artifact id: '206521e3f7c68a6e0e89a35e2b5fdfac') in 0.023353 seconds
Number of updated asset objects reloaded before import = 0
Number of asset objects unloaded after import = 2
========================================================================
Received Import Request.
  Time since last request: 25.806638 seconds.
  path: Assets/Models pack psx/Texture/Branch_02.png
  artifactKey: Guid(806f0bf8e87ffd840bd3202c69a1b587) Importer(815301076,1909f56bfc062723c751e8b465ee728b)
Start importing Assets/Models pack psx/Texture/Branch_02.png using Guid(806f0bf8e87ffd840bd3202c69a1b587) Importer(815301076,1909f56bfc062723c751e8b465ee728b)  -> (artifact id: '7589ea09db774b8bc743600aa605f847') in 0.037973 seconds
Number of updated asset objects reloaded before import = 0
Number of asset objects unloaded after import = 2
========================================================================
Received Import Request.
  Time since last request: 167.698687 seconds.
  path: Assets/Models pack psx/Texture/Branch_02.png
  artifactKey: Guid(806f0bf8e87ffd840bd3202c69a1b587) Importer(815301076,1909f56bfc062723c751e8b465ee728b)
Start importing Assets/Models pack psx/Texture/Branch_02.png using Guid(806f0bf8e87ffd840bd3202c69a1b587) Importer(815301076,1909f56bfc062723c751e8b465ee728b)  -> (artifact id: '4640dd9021dc5b943f93856abe128b98') in 0.027654 seconds
Number of updated asset objects reloaded before import = 0
Number of asset objects unloaded after import = 2
========================================================================
Received Import Request.
  Time since last request: 50.923476 seconds.
  path: Assets/Models pack psx/Texture/Branch_02.png
  artifactKey: Guid(806f0bf8e87ffd840bd3202c69a1b587) Importer(815301076,1909f56bfc062723c751e8b465ee728b)
Start importing Assets/Models pack psx/Texture/Branch_02.png using Guid(806f0bf8e87ffd840bd3202c69a1b587) Importer(815301076,1909f56bfc062723c751e8b465ee728b)  -> (artifact id: 'e6ecdf41302817585e26a00a858cd44b') in 0.040522 seconds
Number of updated asset objects reloaded before import = 0
Number of asset objects unloaded after import = 3
========================================================================
Received Import Request.
  Time since last request: 6.944072 seconds.
  path: Assets/Models pack psx/Texture/Branch_02.png
  artifactKey: Guid(806f0bf8e87ffd840bd3202c69a1b587) Importer(815301076,1909f56bfc062723c751e8b465ee728b)
Start importing Assets/Models pack psx/Texture/Branch_02.png using Guid(806f0bf8e87ffd840bd3202c69a1b587) Importer(815301076,1909f56bfc062723c751e8b465ee728b)  -> (artifact id: 'e8f964c6301229773e38b1cf0df1bc74') in 0.021418 seconds
Number of updated asset objects reloaded before import = 0
Number of asset objects unloaded after import = 2
========================================================================
Received Import Request.
  Time since last request: 17.483056 seconds.
  path: Assets/Models pack psx/Texture/Branch_02 1.png
  artifactKey: Guid(9a186bd7ed5c855458651b908d8c6c3e) Importer(815301076,1909f56bfc062723c751e8b465ee728b)
Start importing Assets/Models pack psx/Texture/Branch_02 1.png using Guid(9a186bd7ed5c855458651b908d8c6c3e) Importer(815301076,1909f56bfc062723c751e8b465ee728b)  -> (artifact id: '7766884a0cbaa9d2863e4253131b8ec3') in 0.035390 seconds
Number of updated asset objects reloaded before import = 0
Number of asset objects unloaded after import = 2
========================================================================
Received Import Request.
  Time since last request: 15.044968 seconds.
  path: Assets/Models pack psx/Models/models.dae
  artifactKey: Guid(b531972307370f241881045f35928a3b) Importer(815301076,1909f56bfc062723c751e8b465ee728b)
Start importing Assets/Models pack psx/Models/models.dae using Guid(b531972307370f241881045f35928a3b) Importer(815301076,1909f56bfc062723c751e8b465ee728b)  -> (artifact id: '4b295ff0af79c66ae6d6488eb86d2577') in 5.019502 seconds
Number of updated asset objects reloaded before import = 0
Number of asset objects unloaded after import = 3041
========================================================================
Received Import Request.
  Time since last request: 367.132813 seconds.
  path: Assets/Models pack psx/Models/Branch_02.mat
  artifactKey: Guid(659b1399966fd6e4bad1edcff4211e41) Importer(815301076,1909f56bfc062723c751e8b465ee728b)
Start importing Assets/Models pack psx/Models/Branch_02.mat using Guid(659b1399966fd6e4bad1edcff4211e41) Importer(815301076,1909f56bfc062723c751e8b465ee728b)  -> (artifact id: '36831505ccd17e2a103042440b87ac6e') in 0.021416 seconds
Number of updated asset objects reloaded before import = 0
Number of asset objects unloaded after import = 2
========================================================================
Received Import Request.
  Time since last request: 383.809651 seconds.
  path: Assets/Models pack psx/Models/Branch.mat
  artifactKey: Guid(a07c953e8d7c02a4eab68fad19e255dc) Importer(815301076,1909f56bfc062723c751e8b465ee728b)
Start importing Assets/Models pack psx/Models/Branch.mat using Guid(a07c953e8d7c02a4eab68fad19e255dc) Importer(815301076,1909f56bfc062723c751e8b465ee728b)  -> (artifact id: '463d4803f77cd7e80c4d3c8824381a4c') in 0.018163 seconds
Number of updated asset objects reloaded before import = 0
Number of asset objects unloaded after import = 2
========================================================================
Received Import Request.
  Time since last request: 280.622493 seconds.
  path: Assets/Models pack psx/Models/Branch.mat
  artifactKey: Guid(a07c953e8d7c02a4eab68fad19e255dc) Importer(815301076,1909f56bfc062723c751e8b465ee728b)
Start importing Assets/Models pack psx/Models/Branch.mat using Guid(a07c953e8d7c02a4eab68fad19e255dc) Importer(815301076,1909f56bfc062723c751e8b465ee728b)  -> (artifact id: '90e983721c47d104296c887675ce23c0') in 0.198602 seconds
Number of updated asset objects reloaded before import = 0
Number of asset objects unloaded after import = 2
========================================================================
Received Import Request.
  Time since last request: 1053.776599 seconds.
  path: Assets/FlashLightMech.cs
  artifactKey: Guid(7b0c740865bab6a459fe4de84820b8b9) Importer(815301076,1909f56bfc062723c751e8b465ee728b)
Start importing Assets/FlashLightMech.cs using Guid(7b0c740865bab6a459fe4de84820b8b9) Importer(815301076,1909f56bfc062723c751e8b465ee728b)  -> (artifact id: '2561a076447bb102265dff13839ed1f9') in 0.000949 seconds
Number of updated asset objects reloaded before import = 0
Number of asset objects unloaded after import = 0
========================================================================
Received Import Request.
  Time since last request: 299.059752 seconds.
  path: Assets/Scenes/Light Test.unity
  artifactKey: Guid(136f7ce5fa0f3a7498984bdfc5836319) Importer(815301076,1909f56bfc062723c751e8b465ee728b)
Start importing Assets/Scenes/Light Test.unity using Guid(136f7ce5fa0f3a7498984bdfc5836319) Importer(815301076,1909f56bfc062723c751e8b465ee728b)  -> (artifact id: 'f61c667ecb546fbb14d806c64089ce0b') in 0.000658 seconds
Number of updated asset objects reloaded before import = 0
Number of asset objects unloaded after import = 0
========================================================================
Received Prepare
Begin MonoManager ReloadAssembly
Symbol file LoadedFromMemory doesn't match image C:\Users\unatema05\Documents\GitHub\MAGD-372\Level Design\Library\PackageCache\com.unity.visualscripting@1.8.0\Editor\VisualScripting.Core\Dependencies\YamlDotNet\Unity.VisualScripting.YamlDotNet.dll
Symbol file LoadedFromMemory doesn't match image C:\Users\unatema05\Documents\GitHub\MAGD-372\Level Design\Library\PackageCache\com.unity.visualscripting@1.8.0\Editor\VisualScripting.Core\Dependencies\DotNetZip\Unity.VisualScripting.IonicZip.dll
- Loaded All Assemblies, in  0.749 seconds
Refreshing native plugins compatible for Editor in 4.24 ms, found 3 plugins.
Native extension for UWP target not found
Native extension for LinuxStandalone target not found
Native extension for WindowsStandalone target not found
Native extension for AppleTV target not found
Native extension for iOS target not found
Native extension for Android target not found
Native extension for OSXStandalone target not found
Native extension for WebGL target not found
Mono: successfully reloaded assembly
- Finished resetting the current domain, in  1.448 seconds
Domain Reload Profiling: 2193ms
	BeginReloadAssembly (205ms)
		ExecutionOrderSort (0ms)
		DisableScriptedObjects (5ms)
		BackupInstance (0ms)
		ReleaseScriptingObjects (0ms)
		CreateAndSetChildDomain (65ms)
	RebuildCommonClasses (46ms)
	RebuildNativeTypeToScriptingClass (15ms)
	initialDomainReloadingComplete (36ms)
	LoadAllAssembliesAndSetupDomain (443ms)
		LoadAssemblies (527ms)
		RebuildTransferFunctionScriptingTraits (0ms)
		AnalyzeDomain (15ms)
			TypeCache.Refresh (8ms)
				TypeCache.ScanAssembly (0ms)
			ScanForSourceGeneratedMonoScriptInfo (0ms)
			ResolveRequiredComponents (6ms)
	FinalizeReload (1448ms)
		ReleaseScriptCaches (0ms)
		RebuildScriptCaches (0ms)
		SetupLoadedEditorAssemblies (449ms)
			LogAssemblyErrors (0ms)
			InitializePlatformSupportModulesInManaged (71ms)
			SetLoadedEditorAssemblies (5ms)
			RefreshPlugins (0ms)
			BeforeProcessingInitializeOnLoad (86ms)
			ProcessInitializeOnLoadAttributes (252ms)
			ProcessInitializeOnLoadMethodAttributes (24ms)
			AfterProcessingInitializeOnLoad (11ms)
			EditorAssembliesLoaded (0ms)
		ExecutionOrderSort2 (0ms)
		AwakeInstancesAfterBackupRestoration (8ms)
Refreshing native plugins compatible for Editor in 4.07 ms, found 3 plugins.
Preloading 0 native plugins for Editor in 0.00 ms.
Unloading 3113 Unused Serialized files (Serialized files now loaded: 0)
Unloading 21 unused Assets / (29.7 KB). Loaded Objects now: 3648.
Memory consumption went from 121.6 MB to 121.6 MB.
Total: 4.451700 ms (FindLiveObjects: 0.315800 ms CreateObjectMapping: 0.506900 ms MarkObjects: 3.573300 ms  DeleteObjects: 0.054300 ms)

Prepare: number of updated asset objects reloaded= 0
AssetImportParameters requested are different than current active one (requested -> active):
  custom:container-demuxer-ogg: 62fdf1f143b41e24485cea50d1cbac27 -> 
  custom:video-decoder-ogg-theora: a1e56fd34408186e4bbccfd4996cb3dc -> 
  custom:framework-win-MediaFoundation: 216162199b28c13a410421893ffa2e32 -> 
  custom:CustomObjectIndexerAttribute: 756ad292c208cfabdd7b50bc23989ffe -> 
  custom:container-demuxer-webm: 4f35f7cbe854078d1ac9338744f61a02 -> 
  custom:container-muxer-webm: aa71ff27fc2769a1b78a27578f13a17b -> 
  custom:video-decoder-webm-vp8: 9c59270c3fd7afecdb556c50c9e8de78 -> 
  custom:SearchIndexIgnoredProperties: e643bd26f0fe6173181afceb89e7c659 -> 
  custom:AudioImporter_EditorPlatform: d09bf68614088b80899f8185d706f6e7 -> 
  custom:video-encoder-webm-vp8: eb34c28f22e8b96e1ab97ce403110664 -> 
  custom:audio-decoder-ogg-vorbis: bf7c407c2cedff20999df2af8eb42d56 -> 
  custom:audio-encoder-webm-vorbis: bf7c407c2cedff20999df2af8eb42d56 -> 
========================================================================
Received Import Request.
  Time since last request: 391.316436 seconds.
  path: Assets/Scenes/model test.unity
  artifactKey: Guid(a7a0ac33d95442c48acbe3ea151b349f) Importer(815301076,1909f56bfc062723c751e8b465ee728b)
Start importing Assets/Scenes/model test.unity using Guid(a7a0ac33d95442c48acbe3ea151b349f) Importer(815301076,1909f56bfc062723c751e8b465ee728b)  -> (artifact id: '158b4f67f4c235655c67148596b5fa68') in 0.006590 seconds
Number of updated asset objects reloaded before import = 0
Number of asset objects unloaded after import = 0
========================================================================
Received Import Request.
  Time since last request: 2.400538 seconds.
  path: Assets/Scenes/Level 2.unity
  artifactKey: Guid(81ae19578a9ef064da11b72bbef3acba) Importer(815301076,1909f56bfc062723c751e8b465ee728b)
Start importing Assets/Scenes/Level 2.unity using Guid(81ae19578a9ef064da11b72bbef3acba) Importer(815301076,1909f56bfc062723c751e8b465ee728b)  -> (artifact id: '9ecc220719573cd28924516fd0171943') in 0.000653 seconds
Number of updated asset objects reloaded before import = 0
Number of asset objects unloaded after import = 0
========================================================================
Received Import Request.
  Time since last request: 2.150748 seconds.
  path: Assets/Scenes/Level 1.unity
  artifactKey: Guid(9fc0d4010bbf28b4594072e72b8655ab) Importer(815301076,1909f56bfc062723c751e8b465ee728b)
Start importing Assets/Scenes/Level 1.unity using Guid(9fc0d4010bbf28b4594072e72b8655ab) Importer(815301076,1909f56bfc062723c751e8b465ee728b)  -> (artifact id: '9e0eb21545ab0139fb9a9652049139bb') in 0.000627 seconds
Number of updated asset objects reloaded before import = 0
Number of asset objects unloaded after import = 0
========================================================================
Received Prepare
Begin MonoManager ReloadAssembly
Symbol file LoadedFromMemory doesn't match image C:\Users\unatema05\Documents\GitHub\MAGD-372\Level Design\Library\PackageCache\com.unity.visualscripting@1.8.0\Editor\VisualScripting.Core\Dependencies\YamlDotNet\Unity.VisualScripting.YamlDotNet.dll
Symbol file LoadedFromMemory doesn't match image C:\Users\unatema05\Documents\GitHub\MAGD-372\Level Design\Library\PackageCache\com.unity.visualscripting@1.8.0\Editor\VisualScripting.Core\Dependencies\DotNetZip\Unity.VisualScripting.IonicZip.dll
- Loaded All Assemblies, in  0.520 seconds
Refreshing native plugins compatible for Editor in 3.77 ms, found 3 plugins.
Native extension for UWP target not found
Native extension for LinuxStandalone target not found
Native extension for WindowsStandalone target not found
Native extension for AppleTV target not found
Native extension for iOS target not found
Native extension for Android target not found
Native extension for OSXStandalone target not found
Native extension for WebGL target not found
Mono: successfully reloaded assembly
- Finished resetting the current domain, in  1.648 seconds
Domain Reload Profiling: 2165ms
	BeginReloadAssembly (177ms)
		ExecutionOrderSort (0ms)
		DisableScriptedObjects (5ms)
		BackupInstance (0ms)
		ReleaseScriptingObjects (0ms)
		CreateAndSetChildDomain (44ms)
	RebuildCommonClasses (35ms)
	RebuildNativeTypeToScriptingClass (12ms)
	initialDomainReloadingComplete (31ms)
	LoadAllAssembliesAndSetupDomain (263ms)
		LoadAssemblies (341ms)
		RebuildTransferFunctionScriptingTraits (0ms)
		AnalyzeDomain (15ms)
			TypeCache.Refresh (9ms)
				TypeCache.ScanAssembly (0ms)
			ScanForSourceGeneratedMonoScriptInfo (0ms)
			ResolveRequiredComponents (5ms)
	FinalizeReload (1648ms)
		ReleaseScriptCaches (0ms)
		RebuildScriptCaches (0ms)
		SetupLoadedEditorAssemblies (438ms)
			LogAssemblyErrors (0ms)
			InitializePlatformSupportModulesInManaged (71ms)
			SetLoadedEditorAssemblies (5ms)
			RefreshPlugins (0ms)
			BeforeProcessingInitializeOnLoad (81ms)
			ProcessInitializeOnLoadAttributes (246ms)
			ProcessInitializeOnLoadMethodAttributes (26ms)
			AfterProcessingInitializeOnLoad (11ms)
			EditorAssembliesLoaded (0ms)
		ExecutionOrderSort2 (0ms)
		AwakeInstancesAfterBackupRestoration (9ms)
Refreshing native plugins compatible for Editor in 4.86 ms, found 3 plugins.
Preloading 0 native plugins for Editor in 0.00 ms.
Unloading 3113 Unused Serialized files (Serialized files now loaded: 0)
Unloading 21 unused Assets / (29.6 KB). Loaded Objects now: 3651.
Memory consumption went from 121.6 MB to 121.6 MB.
Total: 3.406300 ms (FindLiveObjects: 0.336400 ms CreateObjectMapping: 0.178200 ms MarkObjects: 2.838700 ms  DeleteObjects: 0.051900 ms)

Prepare: number of updated asset objects reloaded= 0
AssetImportParameters requested are different than current active one (requested -> active):
  custom:container-demuxer-ogg: 62fdf1f143b41e24485cea50d1cbac27 -> 
  custom:video-decoder-ogg-theora: a1e56fd34408186e4bbccfd4996cb3dc -> 
  custom:framework-win-MediaFoundation: 216162199b28c13a410421893ffa2e32 -> 
  custom:CustomObjectIndexerAttribute: 756ad292c208cfabdd7b50bc23989ffe -> 
  custom:container-demuxer-webm: 4f35f7cbe854078d1ac9338744f61a02 -> 
  custom:container-muxer-webm: aa71ff27fc2769a1b78a27578f13a17b -> 
  custom:video-decoder-webm-vp8: 9c59270c3fd7afecdb556c50c9e8de78 -> 
  custom:SearchIndexIgnoredProperties: e643bd26f0fe6173181afceb89e7c659 -> 
  custom:AudioImporter_EditorPlatform: d09bf68614088b80899f8185d706f6e7 -> 
  custom:video-encoder-webm-vp8: eb34c28f22e8b96e1ab97ce403110664 -> 
  custom:audio-decoder-ogg-vorbis: bf7c407c2cedff20999df2af8eb42d56 -> 
  custom:audio-encoder-webm-vorbis: bf7c407c2cedff20999df2af8eb42d56 -> 
