Using pre-set license
Built from '2021.3/staging' branch; Version is '2021.3.16f1 (4016570cf34f) revision 4200023'; Using compiler version '192829333'; Build Type 'Release'
OS: 'Windows 11  (10.0.22000) 64bit Core' Language: 'en' Physical Memory: 32693 MB
BatchMode: 1, IsHumanControllingUs: 0, StartBugReporterOnCrash: 0, Is64bit: 1, IsPro: 1

COMMAND LINE ARGUMENTS:
C:\Program Files\Unity\Hub\Editor\2021.3.16f1\Editor\Unity.exe
-adb2
-batchMode
-noUpm
-name
AssetImportWorker3
-projectPath
C:/Users/thecr/Documents/GitHub/MAGD-372/Assignment 3
-logFile
Logs/AssetImportWorker3.log
-srvPort
64407
Successfully changed project path to: C:/Users/thecr/Documents/GitHub/MAGD-372/Assignment 3
C:/Users/thecr/Documents/GitHub/MAGD-372/Assignment 3
[UnityMemory] Configuration Parameters - Can be set up in boot.config
    "memorysetup-bucket-allocator-granularity=16"
    "memorysetup-bucket-allocator-bucket-count=8"
    "memorysetup-bucket-allocator-block-size=33554432"
    "memorysetup-bucket-allocator-block-count=8"
    "memorysetup-main-allocator-block-size=16777216"
    "memorysetup-thread-allocator-block-size=16777216"
    "memorysetup-gfx-main-allocator-block-size=16777216"
    "memorysetup-gfx-thread-allocator-block-size=16777216"
    "memorysetup-cache-allocator-block-size=4194304"
    "memorysetup-typetree-allocator-block-size=2097152"
    "memorysetup-profiler-bucket-allocator-granularity=16"
    "memorysetup-profiler-bucket-allocator-bucket-count=8"
    "memorysetup-profiler-bucket-allocator-block-size=33554432"
    "memorysetup-profiler-bucket-allocator-block-count=8"
    "memorysetup-profiler-allocator-block-size=16777216"
    "memorysetup-profiler-editor-allocator-block-size=1048576"
    "memorysetup-temp-allocator-size-main=16777216"
    "memorysetup-job-temp-allocator-block-size=2097152"
    "memorysetup-job-temp-allocator-block-size-background=1048576"
    "memorysetup-job-temp-allocator-reduction-small-platforms=262144"
    "memorysetup-temp-allocator-size-background-worker=32768"
    "memorysetup-temp-allocator-size-job-worker=262144"
    "memorysetup-temp-allocator-size-preload-manager=33554432"
    "memorysetup-temp-allocator-size-nav-mesh-worker=65536"
    "memorysetup-temp-allocator-size-audio-worker=65536"
    "memorysetup-temp-allocator-size-cloud-worker=32768"
    "memorysetup-temp-allocator-size-gi-baking-worker=262144"
    "memorysetup-temp-allocator-size-gfx=262144"
Player connection [18092] Host "[IP] 192.168.1.140 [Port] 0 [Flags] 2 [Guid] 1838564777 [EditorId] 1838564777 [Version] 1048832 [Id] WindowsEditor(7,DESKTOP-0JA6P2K) [Debug] 1 [PackageName] WindowsEditor [ProjectName] Editor" joined multi-casting on [225.0.0.222:54997]...

Player connection [18092] Host "[IP] 192.168.1.140 [Port] 0 [Flags] 2 [Guid] 1838564777 [EditorId] 1838564777 [Version] 1048832 [Id] WindowsEditor(7,DESKTOP-0JA6P2K) [Debug] 1 [PackageName] WindowsEditor [ProjectName] Editor" joined alternative multi-casting on [225.0.0.222:34997]...

Refreshing native plugins compatible for Editor in 177.74 ms, found 3 plugins.
Preloading 0 native plugins for Editor in 0.00 ms.
Initialize engine version: 2021.3.16f1 (4016570cf34f)
[Subsystems] Discovering subsystems at path C:/Program Files/Unity/Hub/Editor/2021.3.16f1/Editor/Data/Resources/UnitySubsystems
[Subsystems] Discovering subsystems at path C:/Users/thecr/Documents/GitHub/MAGD-372/Assignment 3/Assets
GfxDevice: creating device client; threaded=0; jobified=0
d3d12: loaded!
Direct3D:
    Version:         Direct3D 12 [level 12.1]
    Renderer:        NVIDIA GeForce GTX 1070 Ti (ID=0x1b82)
    Vendor:          NVIDIA
    VRAM:            8073 MB
    App VRAM Budget: 7305 MB
    Driver:          31.0.15.2824
d3d12: Profiler is enabled, but stable power state is not. GPU timing errors are expected.
Initialize mono
Mono path[0] = 'C:/Program Files/Unity/Hub/Editor/2021.3.16f1/Editor/Data/Managed'
Mono path[1] = 'C:/Program Files/Unity/Hub/Editor/2021.3.16f1/Editor/Data/MonoBleedingEdge/lib/mono/unityjit-win32'
Mono config path = 'C:/Program Files/Unity/Hub/Editor/2021.3.16f1/Editor/Data/MonoBleedingEdge/etc'
Using monoOptions --debugger-agent=transport=dt_socket,embedding=1,server=y,suspend=n,address=127.0.0.1:56024
Begin MonoManager ReloadAssembly
Registering precompiled unity dll's ...
Register platform support module: C:/Program Files/Unity/Hub/Editor/2021.3.16f1/Editor/Data/PlaybackEngines/AndroidPlayer/UnityEditor.Android.Extensions.dll
Register platform support module: C:/Program Files/Unity/Hub/Editor/2021.3.16f1/Editor/Data/PlaybackEngines/WindowsStandaloneSupport/UnityEditor.WindowsStandalone.Extensions.dll
Registered in 0.005673 seconds.
Native extension for WindowsStandalone target not found
Native extension for Android target not found
Refreshing native plugins compatible for Editor in 148.49 ms, found 3 plugins.
Preloading 0 native plugins for Editor in 0.00 ms.
Mono: successfully reloaded assembly
- Completed reload, in  0.634 seconds
Domain Reload Profiling:
	ReloadAssembly (634ms)
		BeginReloadAssembly (64ms)
			ExecutionOrderSort (0ms)
			DisableScriptedObjects (0ms)
			BackupInstance (0ms)
			ReleaseScriptingObjects (0ms)
			CreateAndSetChildDomain (1ms)
		EndReloadAssembly (471ms)
			LoadAssemblies (62ms)
			RebuildTransferFunctionScriptingTraits (0ms)
			SetupTypeCache (91ms)
			ReleaseScriptCaches (0ms)
			RebuildScriptCaches (22ms)
			SetupLoadedEditorAssemblies (314ms)
				LogAssemblyErrors (0ms)
				InitializePlatformSupportModulesInManaged (46ms)
				SetLoadedEditorAssemblies (0ms)
				RefreshPlugins (149ms)
				BeforeProcessingInitializeOnLoad (1ms)
				ProcessInitializeOnLoadAttributes (82ms)
				ProcessInitializeOnLoadMethodAttributes (37ms)
				AfterProcessingInitializeOnLoad (0ms)
				EditorAssembliesLoaded (0ms)
			ExecutionOrderSort2 (0ms)
			AwakeInstancesAfterBackupRestoration (0ms)
Platform modules already initialized, skipping
Registering precompiled user dll's ...
Registered in 0.008578 seconds.
Begin MonoManager ReloadAssembly
Symbol file LoadedFromMemory doesn't match image C:\Users\thecr\Documents\GitHub\MAGD-372\Assignment 3\Library\PackageCache\com.unity.visualscripting@1.7.8\Editor\VisualScripting.Core\Dependencies\YamlDotNet\Unity.VisualScripting.YamlDotNet.dll
Symbol file LoadedFromMemory doesn't match image C:\Users\thecr\Documents\GitHub\MAGD-372\Assignment 3\Library\PackageCache\com.unity.visualscripting@1.7.8\Editor\VisualScripting.Core\Dependencies\DotNetZip\Unity.VisualScripting.IonicZip.dll
Native extension for WindowsStandalone target not found
Native extension for Android target not found
Refreshing native plugins compatible for Editor in 147.45 ms, found 3 plugins.
Preloading 0 native plugins for Editor in 0.00 ms.
Package Manager log level set to [2]
Mono: successfully reloaded assembly
- Completed reload, in  1.706 seconds
Domain Reload Profiling:
	ReloadAssembly (1707ms)
		BeginReloadAssembly (208ms)
			ExecutionOrderSort (0ms)
			DisableScriptedObjects (5ms)
			BackupInstance (0ms)
			ReleaseScriptingObjects (0ms)
			CreateAndSetChildDomain (126ms)
		EndReloadAssembly (1386ms)
			LoadAssemblies (97ms)
			RebuildTransferFunctionScriptingTraits (0ms)
			SetupTypeCache (325ms)
			ReleaseScriptCaches (1ms)
			RebuildScriptCaches (85ms)
			SetupLoadedEditorAssemblies (834ms)
				LogAssemblyErrors (0ms)
				InitializePlatformSupportModulesInManaged (11ms)
				SetLoadedEditorAssemblies (0ms)
				RefreshPlugins (148ms)
				BeforeProcessingInitializeOnLoad (148ms)
				ProcessInitializeOnLoadAttributes (356ms)
				ProcessInitializeOnLoadMethodAttributes (165ms)
				AfterProcessingInitializeOnLoad (7ms)
				EditorAssembliesLoaded (0ms)
			ExecutionOrderSort2 (0ms)
			AwakeInstancesAfterBackupRestoration (5ms)
Platform modules already initialized, skipping
========================================================================
Worker process is ready to serve import requests
Launched and connected shader compiler UnityShaderCompiler.exe after 0.03 seconds
Refreshing native plugins compatible for Editor in 1.29 ms, found 3 plugins.
Preloading 0 native plugins for Editor in 0.00 ms.
Unloading 7332 Unused Serialized files (Serialized files now loaded: 0)
Unloading 78 unused Assets / (4.4 MB). Loaded Objects now: 7796.
Memory consumption went from 377.3 MB to 372.9 MB.
Total: 4.563000 ms (FindLiveObjects: 0.563600 ms CreateObjectMapping: 0.191700 ms MarkObjects: 2.877100 ms  DeleteObjects: 0.929600 ms)

AssetImportParameters requested are different than current active one (requested -> active):
  custom:video-decoder-ogg-theora: a1e56fd34408186e4bbccfd4996cb3dc -> 
  custom:container-muxer-webm: aa71ff27fc2769a1b78a27578f13a17b -> 
  custom:container-demuxer-webm: 4f35f7cbe854078d1ac9338744f61a02 -> 
  custom:video-encoder-webm-vp8: eb34c28f22e8b96e1ab97ce403110664 -> 
  custom:audio-encoder-webm-vorbis: bf7c407c2cedff20999df2af8eb42d56 -> 
  custom:framework-win-MediaFoundation: 216162199b28c13a410421893ffa2e32 -> 
  custom:container-demuxer-ogg: 62fdf1f143b41e24485cea50d1cbac27 -> 
  custom:video-decoder-webm-vp8: 9c59270c3fd7afecdb556c50c9e8de78 -> 
  custom:audio-decoder-ogg-vorbis: bf7c407c2cedff20999df2af8eb42d56 -> 
========================================================================
Received Import Request.
  Time since last request: 27709.179989 seconds.
  path: Assets/TerrainSampleAssets/Materials/BushDry.asset
  artifactKey: Guid(238ad6ea99d845f498c3a2334f75358a) Importer(815301076,1909f56bfc062723c751e8b465ee728b)
Start importing Assets/TerrainSampleAssets/Materials/BushDry.asset using Guid(238ad6ea99d845f498c3a2334f75358a) Importer(815301076,1909f56bfc062723c751e8b465ee728b)  -> (artifact id: '476e20b7edbfbbb6af8aa50d2a581983') in 2.832011 seconds 
========================================================================
Received Import Request.
  Time since last request: 1.215909 seconds.
  path: Assets/TerrainSampleAssets/TerrainLayers/Grass_A_TerrainLayer.terrainlayer
  artifactKey: Guid(130d104513b29bd44ae9c5b3915f4134) Importer(815301076,1909f56bfc062723c751e8b465ee728b)
Start importing Assets/TerrainSampleAssets/TerrainLayers/Grass_A_TerrainLayer.terrainlayer using Guid(130d104513b29bd44ae9c5b3915f4134) Importer(815301076,1909f56bfc062723c751e8b465ee728b)  -> (artifact id: '6d404c0d49cc7baa8deae57688e4e59b') in 0.031951 seconds 
========================================================================
Received Import Request.
  Time since last request: 0.000044 seconds.
  path: Assets/TerrainSampleAssets/TerrainLayers/Pebbles_A_TerrainLayer.terrainlayer
  artifactKey: Guid(a4f389caed25e6241b38ba88a286c911) Importer(815301076,1909f56bfc062723c751e8b465ee728b)
Start importing Assets/TerrainSampleAssets/TerrainLayers/Pebbles_A_TerrainLayer.terrainlayer using Guid(a4f389caed25e6241b38ba88a286c911) Importer(815301076,1909f56bfc062723c751e8b465ee728b)  -> (artifact id: '5390d87971a52f0c9a8f45e87c474f84') in 0.023054 seconds 
========================================================================
Received Import Request.
  Time since last request: 0.000032 seconds.
  path: Assets/TerrainSampleAssets/TerrainLayers/Grass_Moss_TerrainLayer.terrainlayer
  artifactKey: Guid(d25c8def728088547ae6a1024dd9b481) Importer(815301076,1909f56bfc062723c751e8b465ee728b)
Start importing Assets/TerrainSampleAssets/TerrainLayers/Grass_Moss_TerrainLayer.terrainlayer using Guid(d25c8def728088547ae6a1024dd9b481) Importer(815301076,1909f56bfc062723c751e8b465ee728b)  -> (artifact id: 'b58190f464c7e0cb3381967c48e8e76f') in 0.023603 seconds 
========================================================================
Received Import Request.
  Time since last request: 0.000032 seconds.
  path: Assets/TerrainSampleAssets/TerrainLayers/Soil_Rocks_TerrainLayer.terrainlayer
  artifactKey: Guid(73f0b5ac607c28d4696a6dd09a1de66a) Importer(815301076,1909f56bfc062723c751e8b465ee728b)
Start importing Assets/TerrainSampleAssets/TerrainLayers/Soil_Rocks_TerrainLayer.terrainlayer using Guid(73f0b5ac607c28d4696a6dd09a1de66a) Importer(815301076,1909f56bfc062723c751e8b465ee728b)  -> (artifact id: '85bcb2b82a37113a6d31c30c43302d89') in 0.023328 seconds 
========================================================================
Received Import Request.
  Time since last request: 0.000035 seconds.
  path: Assets/TerrainSampleAssets/TerrainLayers/Pebbles_C_TerrainLayer.terrainlayer
  artifactKey: Guid(a579e897aa6ba004ab0e04fa3053263a) Importer(815301076,1909f56bfc062723c751e8b465ee728b)
Start importing Assets/TerrainSampleAssets/TerrainLayers/Pebbles_C_TerrainLayer.terrainlayer using Guid(a579e897aa6ba004ab0e04fa3053263a) Importer(815301076,1909f56bfc062723c751e8b465ee728b)  -> (artifact id: '202c887b5884024da16e48fdf3c6016b') in 0.021292 seconds 
========================================================================
Received Import Request.
  Time since last request: 0.000036 seconds.
  path: Assets/TerrainSampleAssets/TerrainLayers/Sand_TerrainLayer.terrainlayer
  artifactKey: Guid(1ded3ba1c5a90054e8f23ddfa62fb2b7) Importer(815301076,1909f56bfc062723c751e8b465ee728b)
Start importing Assets/TerrainSampleAssets/TerrainLayers/Sand_TerrainLayer.terrainlayer using Guid(1ded3ba1c5a90054e8f23ddfa62fb2b7) Importer(815301076,1909f56bfc062723c751e8b465ee728b)  -> (artifact id: '778b986a41528ff9b0b653d5820c8387') in 0.022572 seconds 
========================================================================
Received Import Request.
  Time since last request: 0.000037 seconds.
  path: Assets/TerrainSampleAssets/TerrainLayers/Heather_TerrainLayer.terrainlayer
  artifactKey: Guid(795e383430200a14bb52726e97a0e7f4) Importer(815301076,1909f56bfc062723c751e8b465ee728b)
Start importing Assets/TerrainSampleAssets/TerrainLayers/Heather_TerrainLayer.terrainlayer using Guid(795e383430200a14bb52726e97a0e7f4) Importer(815301076,1909f56bfc062723c751e8b465ee728b)  -> (artifact id: '4fc0c6ddb953a83bb7cc3bb557fa2df2') in 0.026693 seconds 
========================================================================
Received Import Request.
  Time since last request: 0.000046 seconds.
  path: Assets/TerrainSampleAssets/TerrainLayers/Rock_TerrainLayer.terrainlayer
  artifactKey: Guid(c997c17aa360cb749a27932fe3bdfcce) Importer(815301076,1909f56bfc062723c751e8b465ee728b)
Start importing Assets/TerrainSampleAssets/TerrainLayers/Rock_TerrainLayer.terrainlayer using Guid(c997c17aa360cb749a27932fe3bdfcce) Importer(815301076,1909f56bfc062723c751e8b465ee728b)  -> (artifact id: 'e62ca5d27f2465c57eb13fd60832d0b5') in 0.022607 seconds 
========================================================================
Received Import Request.
  Time since last request: 39.438788 seconds.
  path: Packages/com.unity.probuilder/Content/Icons/Toolbar/AltButton_Normal.png
  artifactKey: Guid(c175d9b0ccfa2428ea936c9c6b654bd1) Importer(815301076,1909f56bfc062723c751e8b465ee728b)
Start importing Packages/com.unity.probuilder/Content/Icons/Toolbar/AltButton_Normal.png using Guid(c175d9b0ccfa2428ea936c9c6b654bd1) Importer(815301076,1909f56bfc062723c751e8b465ee728b)  -> (artifact id: 'c195b47a79cd4658c2ed04577da5a7f5') in 0.052108 seconds 
========================================================================
Received Import Request.
  Time since last request: 0.000037 seconds.
  path: Packages/com.unity.probuilder/Content/Icons/Tools/ShapeTool/on/Arch.png
  artifactKey: Guid(59174e0e17d65334da602fa20193c69e) Importer(815301076,1909f56bfc062723c751e8b465ee728b)
Start importing Packages/com.unity.probuilder/Content/Icons/Tools/ShapeTool/on/Arch.png using Guid(59174e0e17d65334da602fa20193c69e) Importer(815301076,1909f56bfc062723c751e8b465ee728b)  -> (artifact id: '4c3741022716518e5ab6b88e23c5617f') in 0.015831 seconds 
========================================================================
Received Import Request.
  Time since last request: 0.000037 seconds.
  path: Packages/com.unity.probuilder/Content/Icons/Tools/ShapeTool/Arch_Light.png
  artifactKey: Guid(ba8d0d3e2af01a442b80960299ed9d2e) Importer(815301076,1909f56bfc062723c751e8b465ee728b)
Start importing Packages/com.unity.probuilder/Content/Icons/Tools/ShapeTool/Arch_Light.png using Guid(ba8d0d3e2af01a442b80960299ed9d2e) Importer(815301076,1909f56bfc062723c751e8b465ee728b)  -> (artifact id: '0ffcc365b7b876a901aee9fd0c7fe8b7') in 0.017018 seconds 
========================================================================
Received Import Request.
  Time since last request: 0.000030 seconds.
  path: Packages/com.unity.probuilder/Content/Icons/Tools/ShapeTool/on/Arch@2x.png
  artifactKey: Guid(83a22ff5d6dac6a42bee117814bdd982) Importer(815301076,1909f56bfc062723c751e8b465ee728b)
Start importing Packages/com.unity.probuilder/Content/Icons/Tools/ShapeTool/on/Arch@2x.png using Guid(83a22ff5d6dac6a42bee117814bdd982) Importer(815301076,1909f56bfc062723c751e8b465ee728b)  -> (artifact id: '44d4a9cdb46d121608ffb2ff463edc30') in 0.014916 seconds 
========================================================================
Received Prepare
Registering precompiled user dll's ...
Registered in 0.009901 seconds.
Begin MonoManager ReloadAssembly
Symbol file LoadedFromMemory doesn't match image C:\Users\thecr\Documents\GitHub\MAGD-372\Assignment 3\Library\PackageCache\com.unity.visualscripting@1.7.8\Editor\VisualScripting.Core\Dependencies\YamlDotNet\Unity.VisualScripting.YamlDotNet.dll
Symbol file LoadedFromMemory doesn't match image C:\Users\thecr\Documents\GitHub\MAGD-372\Assignment 3\Library\PackageCache\com.unity.visualscripting@1.7.8\Editor\VisualScripting.Core\Dependencies\DotNetZip\Unity.VisualScripting.IonicZip.dll
Native extension for WindowsStandalone target not found
Native extension for Android target not found
Refreshing native plugins compatible for Editor in 1.25 ms, found 3 plugins.
Preloading 0 native plugins for Editor in 0.00 ms.
Mono: successfully reloaded assembly
- Completed reload, in  1.405 seconds
Domain Reload Profiling:
	ReloadAssembly (1405ms)
		BeginReloadAssembly (179ms)
			ExecutionOrderSort (0ms)
			DisableScriptedObjects (23ms)
			BackupInstance (0ms)
			ReleaseScriptingObjects (0ms)
			CreateAndSetChildDomain (53ms)
		EndReloadAssembly (1132ms)
			LoadAssemblies (89ms)
			RebuildTransferFunctionScriptingTraits (0ms)
			SetupTypeCache (337ms)
			ReleaseScriptCaches (2ms)
			RebuildScriptCaches (64ms)
			SetupLoadedEditorAssemblies (497ms)
				LogAssemblyErrors (0ms)
				InitializePlatformSupportModulesInManaged (18ms)
				SetLoadedEditorAssemblies (0ms)
				RefreshPlugins (1ms)
				BeforeProcessingInitializeOnLoad (114ms)
				ProcessInitializeOnLoadAttributes (328ms)
				ProcessInitializeOnLoadMethodAttributes (27ms)
				AfterProcessingInitializeOnLoad (9ms)
				EditorAssembliesLoaded (0ms)
			ExecutionOrderSort2 (0ms)
			AwakeInstancesAfterBackupRestoration (33ms)
Platform modules already initialized, skipping
Refreshing native plugins compatible for Editor in 2.67 ms, found 3 plugins.
Preloading 0 native plugins for Editor in 0.00 ms.
Unloading 6905 Unused Serialized files (Serialized files now loaded: 0)
Unloading 60 unused Assets / (4.3 MB). Loaded Objects now: 7993.
Memory consumption went from 374.3 MB to 369.9 MB.
Total: 4.619000 ms (FindLiveObjects: 0.663300 ms CreateObjectMapping: 0.278000 ms MarkObjects: 2.757800 ms  DeleteObjects: 0.919100 ms)

AssetImportParameters requested are different than current active one (requested -> active):
  custom:video-decoder-ogg-theora: a1e56fd34408186e4bbccfd4996cb3dc -> 
  custom:container-muxer-webm: aa71ff27fc2769a1b78a27578f13a17b -> 
  custom:container-demuxer-webm: 4f35f7cbe854078d1ac9338744f61a02 -> 
  custom:video-encoder-webm-vp8: eb34c28f22e8b96e1ab97ce403110664 -> 
  custom:audio-encoder-webm-vorbis: bf7c407c2cedff20999df2af8eb42d56 -> 
  custom:framework-win-MediaFoundation: 216162199b28c13a410421893ffa2e32 -> 
  custom:container-demuxer-ogg: 62fdf1f143b41e24485cea50d1cbac27 -> 
  custom:video-decoder-webm-vp8: 9c59270c3fd7afecdb556c50c9e8de78 -> 
  custom:audio-decoder-ogg-vorbis: bf7c407c2cedff20999df2af8eb42d56 -> 
========================================================================
Received Import Request.
  Time since last request: 232.424567 seconds.
  path: Assets/HDRP_Pine_Tree/Models/Pine/Pine_1_2.fbx
  artifactKey: Guid(a016614042981f345b13584edb3b32cb) Importer(815301076,1909f56bfc062723c751e8b465ee728b)
Start importing Assets/HDRP_Pine_Tree/Models/Pine/Pine_1_2.fbx using Guid(a016614042981f345b13584edb3b32cb) Importer(815301076,1909f56bfc062723c751e8b465ee728b) d3d12: upload buffer was full! Waited for COPY queue for 1.616 ms.
 -> (artifact id: 'd8ddbcc6d8e5eec53e6651cf44869403') in 2.094621 seconds 
========================================================================
Received Import Request.
  Time since last request: 0.000030 seconds.
  path: Assets/HDRP_Pine_Tree/Models/Pine/Pine_1_5.fbx
  artifactKey: Guid(1df95863c4e57b346821364e4321819b) Importer(815301076,1909f56bfc062723c751e8b465ee728b)
Start importing Assets/HDRP_Pine_Tree/Models/Pine/Pine_1_5.fbx using Guid(1df95863c4e57b346821364e4321819b) Importer(815301076,1909f56bfc062723c751e8b465ee728b)  -> (artifact id: 'e42e9b1638e816025c0ad36a11c6f8cd') in 0.039949 seconds 
========================================================================
Received Import Request.
  Time since last request: 0.000043 seconds.
  path: Assets/HDRP_Pine_Tree/Models/Pine/Pine_1_6.fbx
  artifactKey: Guid(18f0b68a7e478214ea82c0db12e06e95) Importer(815301076,1909f56bfc062723c751e8b465ee728b)
Start importing Assets/HDRP_Pine_Tree/Models/Pine/Pine_1_6.fbx using Guid(18f0b68a7e478214ea82c0db12e06e95) Importer(815301076,1909f56bfc062723c751e8b465ee728b)  -> (artifact id: '97892daadeabf0e2ab32fa0070f16960') in 0.032760 seconds 
========================================================================
Received Import Request.
  Time since last request: 0.000032 seconds.
  path: Assets/HDRP_Pine_Tree/Models/Pine/Pine_1_10.fbx
  artifactKey: Guid(393eed9bf74ccf543ab204a260a2bb92) Importer(815301076,1909f56bfc062723c751e8b465ee728b)
Start importing Assets/HDRP_Pine_Tree/Models/Pine/Pine_1_10.fbx using Guid(393eed9bf74ccf543ab204a260a2bb92) Importer(815301076,1909f56bfc062723c751e8b465ee728b)  -> (artifact id: 'cc2aab7fee1ddaff46a020124459d90c') in 0.037348 seconds 
========================================================================
Received Import Request.
  Time since last request: 0.000033 seconds.
  path: Assets/HDRP_Pine_Tree/Models/Pine/Pine_1_8.fbx
  artifactKey: Guid(05da5d52aa73577408d608ee4f8e9c1b) Importer(815301076,1909f56bfc062723c751e8b465ee728b)
Start importing Assets/HDRP_Pine_Tree/Models/Pine/Pine_1_8.fbx using Guid(05da5d52aa73577408d608ee4f8e9c1b) Importer(815301076,1909f56bfc062723c751e8b465ee728b)  -> (artifact id: 'c6d7606a1751fa119da22ef5fc0e052b') in 0.035364 seconds 
========================================================================
Received Import Request.
  Time since last request: 0.000090 seconds.
  path: Assets/HDRP_Pine_Tree/Models/Pine/Pine_1_9.fbx
  artifactKey: Guid(e594932a891e2654785d8ae7523b317e) Importer(815301076,1909f56bfc062723c751e8b465ee728b)
Start importing Assets/HDRP_Pine_Tree/Models/Pine/Pine_1_9.fbx using Guid(e594932a891e2654785d8ae7523b317e) Importer(815301076,1909f56bfc062723c751e8b465ee728b)  -> (artifact id: '9f97fb24d2f1cc7831135bc751f1ca45') in 0.034190 seconds 
========================================================================
Received Import Request.
  Time since last request: 0.000044 seconds.
  path: Assets/HDRP_Pine_Tree/Models/Pine/Pine_1_14.fbx
  artifactKey: Guid(35f19368fd196e144a5288f46265406e) Importer(815301076,1909f56bfc062723c751e8b465ee728b)
Start importing Assets/HDRP_Pine_Tree/Models/Pine/Pine_1_14.fbx using Guid(35f19368fd196e144a5288f46265406e) Importer(815301076,1909f56bfc062723c751e8b465ee728b)  -> (artifact id: 'd72ad7589c8558641c52c3082c25c145') in 0.038812 seconds 
========================================================================
Received Import Request.
  Time since last request: 0.000037 seconds.
  path: Assets/HDRP_Pine_Tree/Models/Pine/Pine_1_13.fbx
  artifactKey: Guid(ef76d6563895e8c409da7f1989c10f5b) Importer(815301076,1909f56bfc062723c751e8b465ee728b)
Start importing Assets/HDRP_Pine_Tree/Models/Pine/Pine_1_13.fbx using Guid(ef76d6563895e8c409da7f1989c10f5b) Importer(815301076,1909f56bfc062723c751e8b465ee728b)  -> (artifact id: '682b9ec82d3ab60477bd501be3a8b973') in 0.034728 seconds 
========================================================================
Received Import Request.
  Time since last request: 0.000037 seconds.
  path: Assets/HDRP_Pine_Tree/Models/Pine/Pine_1_7.fbx
  artifactKey: Guid(14a9cb4cb221f4043bc69510df76f6a5) Importer(815301076,1909f56bfc062723c751e8b465ee728b)
Start importing Assets/HDRP_Pine_Tree/Models/Pine/Pine_1_7.fbx using Guid(14a9cb4cb221f4043bc69510df76f6a5) Importer(815301076,1909f56bfc062723c751e8b465ee728b)  -> (artifact id: '934ab99725b4d3ee886a2cd543f81e41') in 0.034983 seconds 
========================================================================
Received Import Request.
  Time since last request: 0.000034 seconds.
  path: Assets/HDRP_Pine_Tree/Models/Pine/Pine_1_3.fbx
  artifactKey: Guid(478224be9c99da94eadf5104bfec5760) Importer(815301076,1909f56bfc062723c751e8b465ee728b)
Start importing Assets/HDRP_Pine_Tree/Models/Pine/Pine_1_3.fbx using Guid(478224be9c99da94eadf5104bfec5760) Importer(815301076,1909f56bfc062723c751e8b465ee728b)  -> (artifact id: '4b0173f8185f2ff3f644d33f4dc3ab42') in 0.031318 seconds 
========================================================================
Received Import Request.
  Time since last request: 0.000029 seconds.
  path: Assets/HDRP_Pine_Tree/Models/Pine/Pine_1_15.fbx
  artifactKey: Guid(3bc275b1acf2afd4d8a8dfe2f197056d) Importer(815301076,1909f56bfc062723c751e8b465ee728b)
Start importing Assets/HDRP_Pine_Tree/Models/Pine/Pine_1_15.fbx using Guid(3bc275b1acf2afd4d8a8dfe2f197056d) Importer(815301076,1909f56bfc062723c751e8b465ee728b)  -> (artifact id: 'aff6a366a1f7b81b010a3b9f50cf2c80') in 0.031850 seconds 
========================================================================
Received Import Request.
  Time since last request: 0.000035 seconds.
  path: Assets/HDRP_Pine_Tree/Models/Pine/Pine_1_16.fbx
  artifactKey: Guid(ca21cf3d4948b544394cd6061c65be83) Importer(815301076,1909f56bfc062723c751e8b465ee728b)
Start importing Assets/HDRP_Pine_Tree/Models/Pine/Pine_1_16.fbx using Guid(ca21cf3d4948b544394cd6061c65be83) Importer(815301076,1909f56bfc062723c751e8b465ee728b)  -> (artifact id: '5346deaec187670dd604939ca3a88997') in 0.034585 seconds 
========================================================================
Received Import Request.
  Time since last request: 0.000031 seconds.
  path: Assets/HDRP_Pine_Tree/Models/Pine/Pine_1_11.fbx
  artifactKey: Guid(29128a99a780a6845a77d10301b66c4b) Importer(815301076,1909f56bfc062723c751e8b465ee728b)
Start importing Assets/HDRP_Pine_Tree/Models/Pine/Pine_1_11.fbx using Guid(29128a99a780a6845a77d10301b66c4b) Importer(815301076,1909f56bfc062723c751e8b465ee728b)  -> (artifact id: '3db7eff1cc4130a68215026823a5d6e6') in 0.035330 seconds 
========================================================================
Received Import Request.
  Time since last request: 0.000033 seconds.
  path: Assets/HDRP_Pine_Tree/Models/Pine/Pine_1_4.fbx
  artifactKey: Guid(573ba7e006aa97c4cbfdbd416d442c18) Importer(815301076,1909f56bfc062723c751e8b465ee728b)
Start importing Assets/HDRP_Pine_Tree/Models/Pine/Pine_1_4.fbx using Guid(573ba7e006aa97c4cbfdbd416d442c18) Importer(815301076,1909f56bfc062723c751e8b465ee728b)  -> (artifact id: '737ceb81be304017d843db5c47880fb5') in 0.034684 seconds 
========================================================================
Received Import Request.
  Time since last request: 0.000041 seconds.
  path: Assets/HDRP_Pine_Tree/Models/Pine/Pine_1_12.fbx
  artifactKey: Guid(12a847162bec4a6458b51d605e1a8de1) Importer(815301076,1909f56bfc062723c751e8b465ee728b)
Start importing Assets/HDRP_Pine_Tree/Models/Pine/Pine_1_12.fbx using Guid(12a847162bec4a6458b51d605e1a8de1) Importer(815301076,1909f56bfc062723c751e8b465ee728b)  -> (artifact id: '2156d5c90dca7ba977ce7b9d993de2a5') in 0.033393 seconds 
Editor requested this worker to shutdown with reason: Scaling down because of idle timeout
AssetImportWorker is now disconnected from the server
Process exiting
Exiting without the bug reporter. Application will terminate with return code 0